#
# There is insufficient memory for the Java Runtime Environment to continue.
# Native memory allocation (malloc) failed to allocate 2053408 bytes for Chunk::new
# Possible reasons:
#   The system is out of physical RAM or swap space
#   The process is running with CompressedOops enabled, and the Java Heap may be blocking the growth of the native heap
# Possible solutions:
#   Reduce memory load on the system
#   Increase physical memory or swap space
#   Check if swap backing store is full
#   Decrease Java heap size (-Xmx/-Xms)
#   Decrease number of Java threads
#   Decrease Java thread stack sizes (-Xss)
#   Set larger code cache with -XX:ReservedCodeCacheSize=
#   JVM is running with Unscaled Compressed Oops mode in which the Java heap is
#     placed in the first 4GB address space. The Java Heap base address is the
#     maximum limit for the native heap growth. Please use -XX:HeapBaseMinAddress
#     to set the Java Heap base and to place the Java Heap above 4GB virtual address.
# This output file may be truncated or incomplete.
#
#  Out of Memory Error (arena.cpp:189), pid=16844, tid=14120
#
# JRE version: OpenJDK Runtime Environment (17.0.6) (build 17.0.6+0-b2043.56-10027231)
# Java VM: OpenJDK 64-Bit Server VM (17.0.6+0-b2043.56-10027231, mixed mode, tiered, compressed oops, compressed class ptrs, g1 gc, windows-amd64)
# No core dump will be written. Minidumps are not enabled by default on client versions of Windows
#

---------------  S U M M A R Y ------------

Command Line: --add-opens=java.base/java.util=ALL-UNNAMED --add-opens=java.base/java.lang=ALL-UNNAMED --add-opens=java.base/java.lang.invoke=ALL-UNNAMED --add-opens=java.prefs/java.util.prefs=ALL-UNNAMED --add-opens=java.base/java.nio.charset=ALL-UNNAMED --add-opens=java.base/java.net=ALL-UNNAMED --add-opens=java.base/java.util.concurrent.atomic=ALL-UNNAMED -Xmx2048m -Dfile.encoding=UTF-8 -Duser.country=US -Duser.language=en -Duser.variant org.gradle.launcher.daemon.bootstrap.GradleDaemon 8.0

Host: Intel(R) Core(TM) i5-2450M CPU @ 2.50GHz, 4 cores, 3G,  Windows 7 , 64 bit Build 7601 (6.1.7601.17514)
Time: Tue Oct 24 23:07:45 2023 India Standard Time elapsed time: 76.631420 seconds (0d 0h 1m 16s)

---------------  T H R E A D  ---------------

Current thread (0x000000001cee4900):  JavaThread "C2 CompilerThread0" daemon [_thread_in_native, id=14120, stack(0x000000005e190000,0x000000005e290000)]


Current CompileTask:
C2:  76631 13263   !   4       com.google.common.reflect.TypeVisitor::visit (244 bytes)

Stack: [0x000000005e190000,0x000000005e290000]
Native frames: (J=compiled Java code, j=interpreted, Vv=VM code, C=native code)
V  [jvm.dll+0x683c9a]
V  [jvm.dll+0x8427a4]
V  [jvm.dll+0x843f9e]
V  [jvm.dll+0x844603]
V  [jvm.dll+0x249b75]
V  [jvm.dll+0xabcac]
V  [jvm.dll+0xac27c]
V  [jvm.dll+0x368857]
V  [jvm.dll+0x1bd0b8]
V  [jvm.dll+0x21c359]
V  [jvm.dll+0x21b621]
V  [jvm.dll+0x1a4fdd]
V  [jvm.dll+0x22b098]
V  [jvm.dll+0x229159]
V  [jvm.dll+0x7f81ec]
V  [jvm.dll+0x7f274a]
V  [jvm.dll+0x682ad5]
C  [ucrtbase.DLL+0x682dd]
C  [kernel32.dll+0x1652d]
C  [ntdll.dll+0x2c521]


---------------  P R O C E S S  ---------------

Threads class SMR info:
_java_thread_list=0x0000000068dd6da0, length=78, elements={
0x0000000000409500, 0x000000001cebaaa0, 0x000000001cebc8e0, 0x000000001ceca720,
0x000000001cecb140, 0x000000001cf0f050, 0x000000001cee2980, 0x000000001cee4900,
0x000000001cee5200, 0x000000001cf19fd0, 0x000000005e51a9f0, 0x000000005e51aec0,
0x0000000060b8bab0, 0x0000000060994af0, 0x0000000060a19bf0, 0x0000000060b2f420,
0x0000000061400080, 0x00000000615db9b0, 0x00000000615df140, 0x0000000060b61a30,
0x0000000060b623d0, 0x0000000060b628a0, 0x0000000060b62d70, 0x0000000060b63240,
0x0000000060b63710, 0x0000000060b63be0, 0x0000000060b640b0, 0x0000000060b64580,
0x0000000060b64f20, 0x0000000060b653f0, 0x0000000062374fe0, 0x00000000623754b0,
0x0000000062375980, 0x0000000062375e50, 0x0000000062376cc0, 0x000000006eb363a0,
0x000000006eb36870, 0x000000006eb37210, 0x000000006eb376e0, 0x000000006eb37bb0,
0x000000006eb38080, 0x000000006eb38550, 0x000000006eb38a20, 0x000000006eb38ef0,
0x000000006eb393c0, 0x000000006eb39890, 0x00000000685b19a0, 0x00000000685b1e70,
0x00000000685b2340, 0x00000000685b2810, 0x00000000685b2ce0, 0x00000000685b31b0,
0x00000000685b3680, 0x00000000685b3b50, 0x00000000685b4020, 0x00000000685b44f0,
0x00000000685b49c0, 0x00000000685b4e90, 0x00000000685b5360, 0x00000000693b5100,
0x00000000693b55d0, 0x00000000693b5aa0, 0x00000000693b5f70, 0x00000000693b6440,
0x00000000693b6910, 0x00000000693b6de0, 0x00000000693b72b0, 0x00000000693b7780,
0x00000000693b7c50, 0x00000000693b8120, 0x00000000693b85f0, 0x00000000693b8ac0,
0x000000006ec311e0, 0x000000006ec316b0, 0x000000006ec31b80, 0x000000006ec32050,
0x000000006ec32520, 0x000000006ec32ec0
}

Java Threads: ( => current thread )
  0x0000000000409500 JavaThread "main" [_thread_blocked, id=10784, stack(0x0000000002490000,0x0000000002590000)]
  0x000000001cebaaa0 JavaThread "Reference Handler" daemon [_thread_blocked, id=17080, stack(0x000000005db80000,0x000000005dc80000)]
  0x000000001cebc8e0 JavaThread "Finalizer" daemon [_thread_blocked, id=14188, stack(0x000000005dc80000,0x000000005dd80000)]
  0x000000001ceca720 JavaThread "Signal Dispatcher" daemon [_thread_blocked, id=15556, stack(0x000000005d800000,0x000000005d900000)]
  0x000000001cecb140 JavaThread "Attach Listener" daemon [_thread_blocked, id=15972, stack(0x000000001ca40000,0x000000001cb40000)]
  0x000000001cf0f050 JavaThread "Service Thread" daemon [_thread_blocked, id=17036, stack(0x000000005de60000,0x000000005df60000)]
  0x000000001cee2980 JavaThread "Monitor Deflation Thread" daemon [_thread_blocked, id=16616, stack(0x000000005e020000,0x000000005e120000)]
=>0x000000001cee4900 JavaThread "C2 CompilerThread0" daemon [_thread_in_native, id=14120, stack(0x000000005e190000,0x000000005e290000)]
  0x000000001cee5200 JavaThread "C1 CompilerThread0" daemon [_thread_blocked, id=15908, stack(0x000000005e330000,0x000000005e430000)]
  0x000000001cf19fd0 JavaThread "Sweeper thread" daemon [_thread_blocked, id=12448, stack(0x000000005da10000,0x000000005db10000)]
  0x000000005e51a9f0 JavaThread "Common-Cleaner" daemon [_thread_blocked, id=16668, stack(0x000000005e8a0000,0x000000005e9a0000)]
  0x000000005e51aec0 JavaThread "Notification Thread" daemon [_thread_blocked, id=17020, stack(0x000000005ea10000,0x000000005eb10000)]
  0x0000000060b8bab0 JavaThread "Daemon health stats" [_thread_blocked, id=16196, stack(0x00000000624d0000,0x00000000625d0000)]
  0x0000000060994af0 JavaThread "Incoming local TCP Connector on port 60946" [_thread_in_native, id=12748, stack(0x00000000626b0000,0x00000000627b0000)]
  0x0000000060a19bf0 JavaThread "Daemon periodic checks" [_thread_blocked, id=16424, stack(0x00000000628e0000,0x00000000629e0000)]
  0x0000000060b2f420 JavaThread "Daemon" [_thread_blocked, id=9940, stack(0x00000000627c0000,0x00000000628c0000)]
  0x0000000061400080 JavaThread "Handler for socket connection from /127.0.0.1:60946 to /127.0.0.1:60947" [_thread_in_native, id=18068, stack(0x0000000062a50000,0x0000000062b50000)]
  0x00000000615db9b0 JavaThread "Cancel handler" [_thread_blocked, id=17432, stack(0x00000000634a0000,0x00000000635a0000)]
  0x00000000615df140 JavaThread "Daemon worker" [_thread_in_native, id=17516, stack(0x000000005f590000,0x000000005f690000)]
  0x0000000060b61a30 JavaThread "Asynchronous log dispatcher for DefaultDaemonConnection: socket connection from /127.0.0.1:60946 to /127.0.0.1:60947" [_thread_blocked, id=16388, stack(0x0000000063630000,0x0000000063730000)]
  0x0000000060b623d0 JavaThread "Daemon client event forwarder" [_thread_blocked, id=16404, stack(0x0000000063a00000,0x0000000063b00000)]
  0x0000000060b628a0 JavaThread "Cache worker for journal cache (C:\Users\DELL\.gradle\caches\journal-1)" [_thread_blocked, id=17476, stack(0x00000000638b0000,0x00000000639b0000)]
  0x0000000060b62d70 JavaThread "File lock request listener" [_thread_in_native, id=18272, stack(0x0000000063b70000,0x0000000063c70000)]
  0x0000000060b63240 JavaThread "Cache worker for file hash cache (C:\Users\DELL\.gradle\caches\8.0\fileHashes)" [_thread_blocked, id=18364, stack(0x0000000063cd0000,0x0000000063dd0000)]
  0x0000000060b63710 JavaThread "jar transforms" [_thread_blocked, id=5596, stack(0x0000000065a00000,0x0000000065b00000)]
  0x0000000060b63be0 JavaThread "jar transforms Thread 2" [_thread_blocked, id=16936, stack(0x0000000065ba0000,0x0000000065ca0000)]
  0x0000000060b640b0 JavaThread "jar transforms Thread 3" [_thread_blocked, id=16572, stack(0x0000000065d50000,0x0000000065e50000)]
  0x0000000060b64580 JavaThread "jar transforms Thread 4" [_thread_blocked, id=1564, stack(0x0000000065ea0000,0x0000000065fa0000)]
  0x0000000060b64f20 JavaThread "Cache worker for checksums cache (C:\Users\DELL\AndroidStudioProjects\AudioBox2\.gradle\8.0\checksums)" [_thread_blocked, id=12308, stack(0x0000000065fd0000,0x00000000660d0000)]
  0x0000000060b653f0 JavaThread "Cache worker for cache directory md-rule (C:\Users\DELL\.gradle\caches\8.0\md-rule)" [_thread_blocked, id=15444, stack(0x00000000660e0000,0x00000000661e0000)]
  0x0000000062374fe0 JavaThread "Cache worker for file content cache (C:\Users\DELL\.gradle\caches\8.0\fileContent)" [_thread_blocked, id=12788, stack(0x0000000066250000,0x0000000066350000)]
  0x00000000623754b0 JavaThread "Cache worker for file hash cache (C:\Users\DELL\AndroidStudioProjects\AudioBox2\.gradle\8.0\fileHashes)" [_thread_blocked, id=4060, stack(0x0000000066640000,0x0000000066740000)]
  0x0000000062375980 JavaThread "Cache worker for cache directory md-supplier (C:\Users\DELL\.gradle\caches\8.0\md-supplier)" [_thread_blocked, id=7784, stack(0x0000000066830000,0x0000000066930000)]
  0x0000000062375e50 JavaThread "Cache worker for execution history cache (C:\Users\DELL\.gradle\caches\8.0\executionHistory)" [_thread_blocked, id=17720, stack(0x0000000064ed0000,0x0000000064fd0000)]
  0x0000000062376cc0 JavaThread "Cache worker for kotlin-dsl (C:\Users\DELL\.gradle\caches\8.0\kotlin-dsl)" [_thread_blocked, id=17284, stack(0x0000000066480000,0x0000000066580000)]
  0x000000006eb363a0 JavaThread "Cache worker for dependencies-accessors (C:\Users\DELL\AndroidStudioProjects\AudioBox2\.gradle\8.0\dependencies-accessors)" [_thread_blocked, id=17844, stack(0x00000000694a0000,0x00000000695a0000)]
  0x000000006eb36870 JavaThread "Cache worker for Build Output Cleanup Cache (C:\Users\DELL\AndroidStudioProjects\AudioBox2\.gradle\buildOutputCleanup)" [_thread_blocked, id=18332, stack(0x0000000069930000,0x0000000069a30000)]
  0x000000006eb37210 JavaThread "Unconstrained build operations" [_thread_blocked, id=18000, stack(0x0000000069a90000,0x0000000069b90000)]
  0x000000006eb376e0 JavaThread "Unconstrained build operations Thread 2" [_thread_blocked, id=18308, stack(0x0000000066a50000,0x0000000066b50000)]
  0x000000006eb37bb0 JavaThread "Unconstrained build operations Thread 3" [_thread_blocked, id=18080, stack(0x0000000071010000,0x0000000071110000)]
  0x000000006eb38080 JavaThread "Unconstrained build operations Thread 4" [_thread_blocked, id=17280, stack(0x00000000711f0000,0x00000000712f0000)]
  0x000000006eb38550 JavaThread "Unconstrained build operations Thread 5" [_thread_blocked, id=15472, stack(0x0000000071300000,0x0000000071400000)]
  0x000000006eb38a20 JavaThread "Unconstrained build operations Thread 6" [_thread_blocked, id=17500, stack(0x00000000714f0000,0x00000000715f0000)]
  0x000000006eb38ef0 JavaThread "Unconstrained build operations Thread 7" [_thread_blocked, id=16300, stack(0x00000000716c0000,0x00000000717c0000)]
  0x000000006eb393c0 JavaThread "Unconstrained build operations Thread 8" [_thread_blocked, id=18204, stack(0x00000000717f0000,0x00000000718f0000)]
  0x000000006eb39890 JavaThread "Unconstrained build operations Thread 9" [_thread_blocked, id=17224, stack(0x00000000719e0000,0x0000000071ae0000)]
  0x00000000685b19a0 JavaThread "Unconstrained build operations Thread 10" [_thread_blocked, id=8352, stack(0x0000000071c80000,0x0000000071d80000)]
  0x00000000685b1e70 JavaThread "Unconstrained build operations Thread 11" [_thread_blocked, id=17452, stack(0x0000000071dd0000,0x0000000071ed0000)]
  0x00000000685b2340 JavaThread "Unconstrained build operations Thread 12" [_thread_blocked, id=17632, stack(0x0000000071b80000,0x0000000071c80000)]
  0x00000000685b2810 JavaThread "Unconstrained build operations Thread 13" [_thread_blocked, id=17580, stack(0x0000000071ed0000,0x0000000071fd0000)]
  0x00000000685b2ce0 JavaThread "Unconstrained build operations Thread 14" [_thread_blocked, id=17752, stack(0x0000000072170000,0x0000000072270000)]
  0x00000000685b31b0 JavaThread "Unconstrained build operations Thread 15" [_thread_blocked, id=6988, stack(0x00000000723a0000,0x00000000724a0000)]
  0x00000000685b3680 JavaThread "Unconstrained build operations Thread 16" [_thread_blocked, id=6536, stack(0x0000000072040000,0x0000000072140000)]
  0x00000000685b3b50 JavaThread "Unconstrained build operations Thread 17" [_thread_blocked, id=3240, stack(0x00000000725d0000,0x00000000726d0000)]
  0x00000000685b4020 JavaThread "Unconstrained build operations Thread 18" [_thread_blocked, id=18008, stack(0x00000000726e0000,0x00000000727e0000)]
  0x00000000685b44f0 JavaThread "Unconstrained build operations Thread 19" [_thread_blocked, id=16628, stack(0x00000000724c0000,0x00000000725c0000)]
  0x00000000685b49c0 JavaThread "Unconstrained build operations Thread 20" [_thread_blocked, id=17820, stack(0x00000000728e0000,0x00000000729e0000)]
  0x00000000685b4e90 JavaThread "Unconstrained build operations Thread 21" [_thread_blocked, id=18092, stack(0x0000000072a20000,0x0000000072b20000)]
  0x00000000685b5360 JavaThread "Unconstrained build operations Thread 22" [_thread_blocked, id=13948, stack(0x0000000072280000,0x0000000072380000)]
  0x00000000693b5100 JavaThread "Unconstrained build operations Thread 23" [_thread_blocked, id=18048, stack(0x0000000072b70000,0x0000000072c70000)]
  0x00000000693b55d0 JavaThread "Unconstrained build operations Thread 24" [_thread_blocked, id=12136, stack(0x00000000623d0000,0x00000000624d0000)]
  0x00000000693b5aa0 JavaThread "Unconstrained build operations Thread 25" [_thread_blocked, id=1972, stack(0x0000000072cb0000,0x0000000072db0000)]
  0x00000000693b5f70 JavaThread "Unconstrained build operations Thread 26" [_thread_blocked, id=17996, stack(0x00000000727e0000,0x00000000728e0000)]
  0x00000000693b6440 JavaThread "Unconstrained build operations Thread 27" [_thread_blocked, id=4396, stack(0x0000000072ef0000,0x0000000072ff0000)]
  0x00000000693b6910 JavaThread "Unconstrained build operations Thread 28" [_thread_blocked, id=16472, stack(0x0000000073180000,0x0000000073280000)]
  0x00000000693b6de0 JavaThread "Unconstrained build operations Thread 29" [_thread_blocked, id=17384, stack(0x0000000073070000,0x0000000073170000)]
  0x00000000693b72b0 JavaThread "Unconstrained build operations Thread 30" [_thread_blocked, id=16944, stack(0x0000000072dd0000,0x0000000072ed0000)]
  0x00000000693b7780 JavaThread "Unconstrained build operations Thread 31" [_thread_blocked, id=18252, stack(0x0000000073350000,0x0000000073450000)]
  0x00000000693b7c50 JavaThread "Unconstrained build operations Thread 32" [_thread_blocked, id=17012, stack(0x00000000734f0000,0x00000000735f0000)]
  0x00000000693b8120 JavaThread "Unconstrained build operations Thread 33" [_thread_blocked, id=16064, stack(0x0000000073600000,0x0000000073700000)]
  0x00000000693b85f0 JavaThread "Unconstrained build operations Thread 34" [_thread_blocked, id=16636, stack(0x00000000737f0000,0x00000000738f0000)]
  0x00000000693b8ac0 JavaThread "Unconstrained build operations Thread 35" [_thread_blocked, id=15488, stack(0x00000000738f0000,0x00000000739f0000)]
  0x000000006ec311e0 JavaThread "Unconstrained build operations Thread 36" [_thread_blocked, id=17592, stack(0x0000000073a00000,0x0000000073b00000)]
  0x000000006ec316b0 JavaThread "Unconstrained build operations Thread 37" [_thread_blocked, id=16900, stack(0x0000000073c50000,0x0000000073d50000)]
  0x000000006ec31b80 JavaThread "Unconstrained build operations Thread 38" [_thread_blocked, id=15216, stack(0x0000000073b10000,0x0000000073c10000)]
  0x000000006ec32050 JavaThread "Unconstrained build operations Thread 39" [_thread_blocked, id=18168, stack(0x0000000073e80000,0x0000000073f80000)]
  0x000000006ec32520 JavaThread "Unconstrained build operations Thread 40" [_thread_blocked, id=18016, stack(0x0000000074070000,0x0000000074170000)]
  0x000000006ec32ec0 JavaThread "Memory manager" [_thread_blocked, id=16968, stack(0x0000000074220000,0x0000000074320000)]

Other Threads:
  0x000000001ce95b60 VMThread "VM Thread" [stack: 0x000000005d910000,0x000000005da10000] [id=16320]
  0x000000005e51b390 WatcherThread [stack: 0x000000005eb80000,0x000000005ec80000] [id=2896]
  0x0000000000469a10 GCTaskThread "GC Thread#0" [stack: 0x000000001a0b0000,0x000000001a1b0000] [id=16420]
  0x000000005f1a2c60 GCTaskThread "GC Thread#1" [stack: 0x000000005f920000,0x000000005fa20000] [id=16076]
  0x000000005f2bb940 GCTaskThread "GC Thread#2" [stack: 0x000000005fae0000,0x000000005fbe0000] [id=12336]
  0x000000005fdbae60 GCTaskThread "GC Thread#3" [stack: 0x000000005f6a0000,0x000000005f7a0000] [id=15096]
  0x000000000047b420 ConcurrentGCThread "G1 Main Marker" [stack: 0x000000001a230000,0x000000001a330000] [id=13572]
  0x000000000047dd40 ConcurrentGCThread "G1 Conc#0" [stack: 0x000000001a400000,0x000000001a500000] [id=7568]
  0x000000001c655100 ConcurrentGCThread "G1 Refine#0" [stack: 0x000000001cb50000,0x000000001cc50000] [id=9696]
  0x0000000061976f20 ConcurrentGCThread "G1 Refine#1" [stack: 0x0000000065870000,0x0000000065970000] [id=13664]
  0x000000001c655a30 ConcurrentGCThread "G1 Service" [stack: 0x000000001ccc0000,0x000000001cdc0000] [id=16396]

Threads with active compile tasks:
C2 CompilerThread0    76945 13263   !   4       com.google.common.reflect.TypeVisitor::visit (244 bytes)

VM state: not at safepoint (normal execution)

VM Mutex/Monitor currently owned by a thread: None

Heap address: 0x0000000080000000, size: 2048 MB, Compressed Oops mode: 32-bit

CDS archive(s) not mapped
Compressed class space mapped at: 0x000000001d000000-0x000000005d000000, reserved size: 1073741824
Narrow klass base: 0x0000000000000000, Narrow klass shift: 0, Narrow klass range: 0x5d000000

GC Precious Log:
 CPUs: 4 total, 4 available
 Memory: 4004M
 Large Page Support: Disabled
 NUMA Support: Disabled
 Compressed Oops: Enabled (32-bit)
 Heap Region Size: 1M
 Heap Min Capacity: 8M
 Heap Initial Capacity: 64M
 Heap Max Capacity: 2G
 Pre-touch: Disabled
 Parallel Workers: 4
 Concurrent Workers: 1
 Concurrent Refinement Workers: 4
 Periodic GC: Disabled

Heap:
 garbage-first heap   total 253952K, used 205267K [0x0000000080000000, 0x0000000100000000)
  region size 1024K, 53 young (54272K), 8 survivors (8192K)
 Metaspace       used 136624K, committed 137408K, reserved 1171456K
  class space    used 17529K, committed 17920K, reserved 1048576K

Heap Regions: E=young(eden), S=young(survivor), O=old, HS=humongous(starts), HC=humongous(continues), CS=collection set, F=free, OA=open archive, CA=closed archive, TAMS=top-at-mark-start (previous, next)
|   0|0x0000000080000000, 0x0000000080100000, 0x0000000080100000|100%| O|  |TAMS 0x0000000080100000, 0x0000000080000000| Untracked 
|   1|0x0000000080100000, 0x0000000080200000, 0x0000000080200000|100%| O|  |TAMS 0x0000000080200000, 0x0000000080100000| Untracked 
|   2|0x0000000080200000, 0x0000000080300000, 0x0000000080300000|100%|HS|  |TAMS 0x0000000080300000, 0x0000000080200000| Complete 
|   3|0x0000000080300000, 0x0000000080400000, 0x0000000080400000|100%|HC|  |TAMS 0x0000000080400000, 0x0000000080300000| Complete 
|   4|0x0000000080400000, 0x0000000080500000, 0x0000000080500000|100%|HC|  |TAMS 0x0000000080500000, 0x0000000080400000| Complete 
|   5|0x0000000080500000, 0x0000000080600000, 0x0000000080600000|100%|HC|  |TAMS 0x0000000080600000, 0x0000000080500000| Complete 
|   6|0x0000000080600000, 0x0000000080700000, 0x0000000080700000|100%| O|  |TAMS 0x0000000080700000, 0x0000000080600000| Untracked 
|   7|0x0000000080700000, 0x0000000080800000, 0x0000000080800000|100%| O|  |TAMS 0x0000000080800000, 0x0000000080700000| Untracked 
|   8|0x0000000080800000, 0x0000000080900000, 0x0000000080900000|100%| O|  |TAMS 0x0000000080900000, 0x0000000080800000| Untracked 
|   9|0x0000000080900000, 0x0000000080a00000, 0x0000000080a00000|100%| O|  |TAMS 0x0000000080a00000, 0x0000000080900000| Untracked 
|  10|0x0000000080a00000, 0x0000000080b00000, 0x0000000080b00000|100%| O|  |TAMS 0x0000000080b00000, 0x0000000080a00000| Untracked 
|  11|0x0000000080b00000, 0x0000000080c00000, 0x0000000080c00000|100%| O|  |TAMS 0x0000000080c00000, 0x0000000080b00000| Untracked 
|  12|0x0000000080c00000, 0x0000000080d00000, 0x0000000080d00000|100%| O|  |TAMS 0x0000000080d00000, 0x0000000080c00000| Untracked 
|  13|0x0000000080d00000, 0x0000000080e00000, 0x0000000080e00000|100%| O|  |TAMS 0x0000000080e00000, 0x0000000080d00000| Untracked 
|  14|0x0000000080e00000, 0x0000000080f00000, 0x0000000080f00000|100%| O|  |TAMS 0x0000000080f00000, 0x0000000080e00000| Untracked 
|  15|0x0000000080f00000, 0x0000000081000000, 0x0000000081000000|100%| O|  |TAMS 0x0000000081000000, 0x0000000080f00000| Untracked 
|  16|0x0000000081000000, 0x0000000081100000, 0x0000000081100000|100%| O|  |TAMS 0x0000000081100000, 0x0000000081000000| Untracked 
|  17|0x0000000081100000, 0x0000000081200000, 0x0000000081200000|100%| O|  |TAMS 0x0000000081200000, 0x0000000081100000| Untracked 
|  18|0x0000000081200000, 0x0000000081300000, 0x0000000081300000|100%| O|  |TAMS 0x0000000081300000, 0x0000000081200000| Untracked 
|  19|0x0000000081300000, 0x0000000081400000, 0x0000000081400000|100%|HS|  |TAMS 0x0000000081400000, 0x0000000081300000| Complete 
|  20|0x0000000081400000, 0x0000000081500000, 0x0000000081500000|100%|HC|  |TAMS 0x0000000081500000, 0x0000000081400000| Complete 
|  21|0x0000000081500000, 0x0000000081600000, 0x0000000081600000|100%|HS|  |TAMS 0x0000000081600000, 0x0000000081500000| Complete 
|  22|0x0000000081600000, 0x0000000081700000, 0x0000000081700000|100%|HC|  |TAMS 0x0000000081700000, 0x0000000081600000| Complete 
|  23|0x0000000081700000, 0x0000000081800000, 0x0000000081800000|100%|HC|  |TAMS 0x0000000081800000, 0x0000000081700000| Complete 
|  24|0x0000000081800000, 0x0000000081900000, 0x0000000081900000|100%|HS|  |TAMS 0x0000000081900000, 0x0000000081800000| Complete 
|  25|0x0000000081900000, 0x0000000081a00000, 0x0000000081a00000|100%|HC|  |TAMS 0x0000000081a00000, 0x0000000081900000| Complete 
|  26|0x0000000081a00000, 0x0000000081b00000, 0x0000000081b00000|100%|HC|  |TAMS 0x0000000081b00000, 0x0000000081a00000| Complete 
|  27|0x0000000081b00000, 0x0000000081c00000, 0x0000000081c00000|100%| O|  |TAMS 0x0000000081c00000, 0x0000000081b00000| Untracked 
|  28|0x0000000081c00000, 0x0000000081d00000, 0x0000000081d00000|100%| O|  |TAMS 0x0000000081d00000, 0x0000000081c00000| Untracked 
|  29|0x0000000081d00000, 0x0000000081e00000, 0x0000000081e00000|100%|HS|  |TAMS 0x0000000081e00000, 0x0000000081d00000| Complete 
|  30|0x0000000081e00000, 0x0000000081f00000, 0x0000000081f00000|100%|HC|  |TAMS 0x0000000081f00000, 0x0000000081e00000| Complete 
|  31|0x0000000081f00000, 0x0000000082000000, 0x0000000082000000|100%| O|  |TAMS 0x0000000082000000, 0x0000000081f00000| Untracked 
|  32|0x0000000082000000, 0x0000000082100000, 0x0000000082100000|100%| O|  |TAMS 0x0000000082100000, 0x0000000082000000| Untracked 
|  33|0x0000000082100000, 0x0000000082200000, 0x0000000082200000|100%| O|  |TAMS 0x0000000082200000, 0x0000000082100000| Untracked 
|  34|0x0000000082200000, 0x0000000082300000, 0x0000000082300000|100%| O|  |TAMS 0x0000000082200000, 0x0000000082200000| Untracked 
|  35|0x0000000082300000, 0x0000000082400000, 0x0000000082400000|100%| O|  |TAMS 0x0000000082400000, 0x0000000082300000| Untracked 
|  36|0x0000000082400000, 0x0000000082500000, 0x0000000082500000|100%|HS|  |TAMS 0x0000000082500000, 0x0000000082400000| Complete 
|  37|0x0000000082500000, 0x0000000082600000, 0x0000000082600000|100%|HC|  |TAMS 0x0000000082600000, 0x0000000082500000| Complete 
|  38|0x0000000082600000, 0x0000000082700000, 0x0000000082700000|100%|HC|  |TAMS 0x0000000082700000, 0x0000000082600000| Complete 
|  39|0x0000000082700000, 0x0000000082800000, 0x0000000082800000|100%|HC|  |TAMS 0x0000000082800000, 0x0000000082700000| Complete 
|  40|0x0000000082800000, 0x0000000082900000, 0x0000000082900000|100%|HC|  |TAMS 0x0000000082900000, 0x0000000082800000| Complete 
|  41|0x0000000082900000, 0x0000000082a00000, 0x0000000082a00000|100%|HC|  |TAMS 0x0000000082a00000, 0x0000000082900000| Complete 
|  42|0x0000000082a00000, 0x0000000082b00000, 0x0000000082b00000|100%|HC|  |TAMS 0x0000000082b00000, 0x0000000082a00000| Complete 
|  43|0x0000000082b00000, 0x0000000082c00000, 0x0000000082c00000|100%|HC|  |TAMS 0x0000000082c00000, 0x0000000082b00000| Complete 
|  44|0x0000000082c00000, 0x0000000082d00000, 0x0000000082d00000|100%|HC|  |TAMS 0x0000000082d00000, 0x0000000082c00000| Complete 
|  45|0x0000000082d00000, 0x0000000082e00000, 0x0000000082e00000|100%|HC|  |TAMS 0x0000000082e00000, 0x0000000082d00000| Complete 
|  46|0x0000000082e00000, 0x0000000082f00000, 0x0000000082f00000|100%|HC|  |TAMS 0x0000000082f00000, 0x0000000082e00000| Complete 
|  47|0x0000000082f00000, 0x0000000083000000, 0x0000000083000000|100%|HC|  |TAMS 0x0000000083000000, 0x0000000082f00000| Complete 
|  48|0x0000000083000000, 0x0000000083100000, 0x0000000083100000|100%| O|  |TAMS 0x0000000083100000, 0x0000000083000000| Untracked 
|  49|0x0000000083100000, 0x0000000083200000, 0x0000000083200000|100%| O|  |TAMS 0x0000000083200000, 0x0000000083100000| Untracked 
|  50|0x0000000083200000, 0x0000000083300000, 0x0000000083300000|100%| O|  |TAMS 0x0000000083300000, 0x0000000083200000| Untracked 
|  51|0x0000000083300000, 0x0000000083400000, 0x0000000083400000|100%| O|  |TAMS 0x0000000083400000, 0x0000000083300000| Untracked 
|  52|0x0000000083400000, 0x0000000083500000, 0x0000000083500000|100%| O|  |TAMS 0x0000000083500000, 0x0000000083400000| Untracked 
|  53|0x0000000083500000, 0x0000000083600000, 0x0000000083600000|100%| O|  |TAMS 0x0000000083600000, 0x0000000083500000| Untracked 
|  54|0x0000000083600000, 0x0000000083700000, 0x0000000083700000|100%| O|  |TAMS 0x0000000083700000, 0x0000000083600000| Untracked 
|  55|0x0000000083700000, 0x0000000083800000, 0x0000000083800000|100%|HS|  |TAMS 0x0000000083800000, 0x0000000083700000| Complete 
|  56|0x0000000083800000, 0x0000000083900000, 0x0000000083900000|100%|HC|  |TAMS 0x0000000083900000, 0x0000000083800000| Complete 
|  57|0x0000000083900000, 0x0000000083a00000, 0x0000000083a00000|100%|HC|  |TAMS 0x0000000083a00000, 0x0000000083900000| Complete 
|  58|0x0000000083a00000, 0x0000000083b00000, 0x0000000083b00000|100%|HS|  |TAMS 0x0000000083b00000, 0x0000000083a00000| Complete 
|  59|0x0000000083b00000, 0x0000000083c00000, 0x0000000083c00000|100%|HC|  |TAMS 0x0000000083c00000, 0x0000000083b00000| Complete 
|  60|0x0000000083c00000, 0x0000000083d00000, 0x0000000083d00000|100%|HC|  |TAMS 0x0000000083d00000, 0x0000000083c00000| Complete 
|  61|0x0000000083d00000, 0x0000000083e00000, 0x0000000083e00000|100%| O|  |TAMS 0x0000000083e00000, 0x0000000083d00000| Untracked 
|  62|0x0000000083e00000, 0x0000000083f00000, 0x0000000083f00000|100%| O|  |TAMS 0x0000000083f00000, 0x0000000083e00000| Untracked 
|  63|0x0000000083f00000, 0x0000000084000000, 0x0000000084000000|100%| O|  |TAMS 0x0000000084000000, 0x0000000083f00000| Untracked 
|  64|0x0000000084000000, 0x0000000084100000, 0x0000000084100000|100%| O|  |TAMS 0x0000000084100000, 0x0000000084000000| Untracked 
|  65|0x0000000084100000, 0x0000000084200000, 0x0000000084200000|100%| O|  |TAMS 0x0000000084200000, 0x0000000084100000| Untracked 
|  66|0x0000000084200000, 0x0000000084300000, 0x0000000084300000|100%| O|  |TAMS 0x0000000084300000, 0x0000000084200000| Untracked 
|  67|0x0000000084300000, 0x0000000084400000, 0x0000000084400000|100%| O|  |TAMS 0x0000000084400000, 0x0000000084300000| Untracked 
|  68|0x0000000084400000, 0x0000000084500000, 0x0000000084500000|100%| O|  |TAMS 0x0000000084500000, 0x0000000084400000| Untracked 
|  69|0x0000000084500000, 0x0000000084600000, 0x0000000084600000|100%| O|  |TAMS 0x0000000084600000, 0x0000000084500000| Untracked 
|  70|0x0000000084600000, 0x0000000084700000, 0x0000000084700000|100%| O|  |TAMS 0x0000000084700000, 0x0000000084600000| Untracked 
|  71|0x0000000084700000, 0x0000000084800000, 0x0000000084800000|100%| O|  |TAMS 0x0000000084800000, 0x0000000084700000| Untracked 
|  72|0x0000000084800000, 0x0000000084900000, 0x0000000084900000|100%|HS|  |TAMS 0x0000000084900000, 0x0000000084800000| Complete 
|  73|0x0000000084900000, 0x0000000084a00000, 0x0000000084a00000|100%|HC|  |TAMS 0x0000000084a00000, 0x0000000084900000| Complete 
|  74|0x0000000084a00000, 0x0000000084b00000, 0x0000000084b00000|100%|HC|  |TAMS 0x0000000084b00000, 0x0000000084a00000| Complete 
|  75|0x0000000084b00000, 0x0000000084c00000, 0x0000000084c00000|100%|HC|  |TAMS 0x0000000084c00000, 0x0000000084b00000| Complete 
|  76|0x0000000084c00000, 0x0000000084d00000, 0x0000000084d00000|100%|HS|  |TAMS 0x0000000084d00000, 0x0000000084c00000| Complete 
|  77|0x0000000084d00000, 0x0000000084e00000, 0x0000000084e00000|100%|HC|  |TAMS 0x0000000084e00000, 0x0000000084d00000| Complete 
|  78|0x0000000084e00000, 0x0000000084f00000, 0x0000000084f00000|100%|HC|  |TAMS 0x0000000084f00000, 0x0000000084e00000| Complete 
|  79|0x0000000084f00000, 0x0000000085000000, 0x0000000085000000|100%|HC|  |TAMS 0x0000000085000000, 0x0000000084f00000| Complete 
|  80|0x0000000085000000, 0x0000000085100000, 0x0000000085100000|100%|HC|  |TAMS 0x0000000085100000, 0x0000000085000000| Complete 
|  81|0x0000000085100000, 0x0000000085200000, 0x0000000085200000|100%|HC|  |TAMS 0x0000000085200000, 0x0000000085100000| Complete 
|  82|0x0000000085200000, 0x0000000085300000, 0x0000000085300000|100%| O|  |TAMS 0x0000000085300000, 0x0000000085200000| Untracked 
|  83|0x0000000085300000, 0x0000000085400000, 0x0000000085400000|100%| O|  |TAMS 0x0000000085400000, 0x0000000085300000| Untracked 
|  84|0x0000000085400000, 0x0000000085500000, 0x0000000085500000|100%| O|  |TAMS 0x0000000085500000, 0x0000000085400000| Untracked 
|  85|0x0000000085500000, 0x0000000085600000, 0x0000000085600000|100%| O|  |TAMS 0x0000000085600000, 0x0000000085500000| Untracked 
|  86|0x0000000085600000, 0x0000000085700000, 0x0000000085700000|100%| O|  |TAMS 0x0000000085700000, 0x0000000085600000| Untracked 
|  87|0x0000000085700000, 0x0000000085800000, 0x0000000085800000|100%| O|  |TAMS 0x0000000085800000, 0x0000000085700000| Untracked 
|  88|0x0000000085800000, 0x0000000085900000, 0x0000000085900000|100%| O|  |TAMS 0x0000000085900000, 0x0000000085800000| Untracked 
|  89|0x0000000085900000, 0x0000000085a00000, 0x0000000085a00000|100%| O|  |TAMS 0x0000000085a00000, 0x0000000085900000| Untracked 
|  90|0x0000000085a00000, 0x0000000085b00000, 0x0000000085b00000|100%| O|  |TAMS 0x0000000085b00000, 0x0000000085a00000| Untracked 
|  91|0x0000000085b00000, 0x0000000085c00000, 0x0000000085c00000|100%| O|  |TAMS 0x0000000085c00000, 0x0000000085b00000| Untracked 
|  92|0x0000000085c00000, 0x0000000085d00000, 0x0000000085d00000|100%| O|  |TAMS 0x0000000085d00000, 0x0000000085c00000| Untracked 
|  93|0x0000000085d00000, 0x0000000085e00000, 0x0000000085e00000|100%| O|  |TAMS 0x0000000085e00000, 0x0000000085d00000| Untracked 
|  94|0x0000000085e00000, 0x0000000085f00000, 0x0000000085f00000|100%| O|  |TAMS 0x0000000085f00000, 0x0000000085e00000| Untracked 
|  95|0x0000000085f00000, 0x0000000086000000, 0x0000000086000000|100%| O|  |TAMS 0x0000000086000000, 0x0000000085f00000| Untracked 
|  96|0x0000000086000000, 0x0000000086100000, 0x0000000086100000|100%| O|  |TAMS 0x0000000086100000, 0x0000000086000000| Untracked 
|  97|0x0000000086100000, 0x0000000086200000, 0x0000000086200000|100%| O|  |TAMS 0x0000000086200000, 0x0000000086100000| Untracked 
|  98|0x0000000086200000, 0x0000000086300000, 0x0000000086300000|100%| O|  |TAMS 0x0000000086300000, 0x0000000086200000| Untracked 
|  99|0x0000000086300000, 0x0000000086400000, 0x0000000086400000|100%| O|  |TAMS 0x0000000086400000, 0x0000000086300000| Untracked 
| 100|0x0000000086400000, 0x0000000086500000, 0x0000000086500000|100%|HS|  |TAMS 0x0000000086400000, 0x0000000086400000| Complete 
| 101|0x0000000086500000, 0x0000000086600000, 0x0000000086600000|100%| O|  |TAMS 0x0000000086600000, 0x0000000086500000| Untracked 
| 102|0x0000000086600000, 0x0000000086700000, 0x0000000086700000|100%| O|  |TAMS 0x0000000086700000, 0x0000000086600000| Untracked 
| 103|0x0000000086700000, 0x0000000086800000, 0x0000000086800000|100%| O|  |TAMS 0x0000000086800000, 0x0000000086700000| Untracked 
| 104|0x0000000086800000, 0x0000000086900000, 0x0000000086900000|100%| O|  |TAMS 0x0000000086900000, 0x0000000086800000| Untracked 
| 105|0x0000000086900000, 0x0000000086a00000, 0x0000000086a00000|100%| O|  |TAMS 0x0000000086a00000, 0x0000000086900000| Untracked 
| 106|0x0000000086a00000, 0x0000000086b00000, 0x0000000086b00000|100%| O|  |TAMS 0x0000000086b00000, 0x0000000086a00000| Untracked 
| 107|0x0000000086b00000, 0x0000000086c00000, 0x0000000086c00000|100%| O|  |TAMS 0x0000000086c00000, 0x0000000086b00000| Untracked 
| 108|0x0000000086c00000, 0x0000000086d00000, 0x0000000086d00000|100%| O|  |TAMS 0x0000000086d00000, 0x0000000086c00000| Untracked 
| 109|0x0000000086d00000, 0x0000000086e00000, 0x0000000086e00000|100%| O|  |TAMS 0x0000000086e00000, 0x0000000086d00000| Untracked 
| 110|0x0000000086e00000, 0x0000000086f00000, 0x0000000086f00000|100%| O|  |TAMS 0x0000000086f00000, 0x0000000086e00000| Untracked 
| 111|0x0000000086f00000, 0x0000000087000000, 0x0000000087000000|100%| O|  |TAMS 0x0000000086fe7200, 0x0000000086f00000| Untracked 
| 112|0x0000000087000000, 0x0000000087100000, 0x0000000087100000|100%| O|  |TAMS 0x0000000087000000, 0x0000000087000000| Untracked 
| 113|0x0000000087100000, 0x0000000087200000, 0x0000000087200000|100%| O|  |TAMS 0x0000000087100000, 0x0000000087100000| Untracked 
| 114|0x0000000087200000, 0x0000000087300000, 0x0000000087300000|100%| O|  |TAMS 0x0000000087200000, 0x0000000087200000| Untracked 
| 115|0x0000000087300000, 0x0000000087400000, 0x0000000087400000|100%| O|  |TAMS 0x0000000087300000, 0x0000000087300000| Untracked 
| 116|0x0000000087400000, 0x0000000087500000, 0x0000000087500000|100%| O|  |TAMS 0x0000000087400000, 0x0000000087400000| Untracked 
| 117|0x0000000087500000, 0x0000000087600000, 0x0000000087600000|100%| O|  |TAMS 0x0000000087500000, 0x0000000087500000| Untracked 
| 118|0x0000000087600000, 0x0000000087700000, 0x0000000087700000|100%|HS|  |TAMS 0x0000000087600000, 0x0000000087600000| Complete 
| 119|0x0000000087700000, 0x0000000087800000, 0x0000000087800000|100%|HS|  |TAMS 0x0000000087700000, 0x0000000087700000| Complete 
| 120|0x0000000087800000, 0x0000000087900000, 0x0000000087900000|100%| O|  |TAMS 0x0000000087800000, 0x0000000087800000| Untracked 
| 121|0x0000000087900000, 0x0000000087a00000, 0x0000000087a00000|100%| O|  |TAMS 0x0000000087900000, 0x0000000087900000| Untracked 
| 122|0x0000000087a00000, 0x0000000087b00000, 0x0000000087b00000|100%| O|  |TAMS 0x0000000087a00000, 0x0000000087a00000| Untracked 
| 123|0x0000000087b00000, 0x0000000087c00000, 0x0000000087c00000|100%| O|  |TAMS 0x0000000087b00000, 0x0000000087b00000| Untracked 
| 124|0x0000000087c00000, 0x0000000087d00000, 0x0000000087d00000|100%| O|  |TAMS 0x0000000087c00000, 0x0000000087c00000| Untracked 
| 125|0x0000000087d00000, 0x0000000087e00000, 0x0000000087e00000|100%| O|  |TAMS 0x0000000087d00000, 0x0000000087d00000| Untracked 
| 126|0x0000000087e00000, 0x0000000087f00000, 0x0000000087f00000|100%| O|  |TAMS 0x0000000087e00000, 0x0000000087e00000| Untracked 
| 127|0x0000000087f00000, 0x0000000088000000, 0x0000000088000000|100%| O|  |TAMS 0x0000000087f00000, 0x0000000087f00000| Untracked 
| 128|0x0000000088000000, 0x0000000088100000, 0x0000000088100000|100%| O|  |TAMS 0x0000000088000000, 0x0000000088000000| Untracked 
| 129|0x0000000088100000, 0x0000000088200000, 0x0000000088200000|100%| O|  |TAMS 0x0000000088100000, 0x0000000088100000| Untracked 
| 130|0x0000000088200000, 0x0000000088300000, 0x0000000088300000|100%| O|  |TAMS 0x0000000088200000, 0x0000000088200000| Untracked 
| 131|0x0000000088300000, 0x0000000088400000, 0x0000000088400000|100%| O|  |TAMS 0x0000000088300000, 0x0000000088300000| Untracked 
| 132|0x0000000088400000, 0x0000000088500000, 0x0000000088500000|100%| O|  |TAMS 0x0000000088400000, 0x0000000088400000| Untracked 
| 133|0x0000000088500000, 0x0000000088600000, 0x0000000088600000|100%| O|  |TAMS 0x0000000088500000, 0x0000000088500000| Untracked 
| 134|0x0000000088600000, 0x0000000088700000, 0x0000000088700000|100%| O|  |TAMS 0x0000000088600000, 0x0000000088600000| Untracked 
| 135|0x0000000088700000, 0x0000000088800000, 0x0000000088800000|100%| O|  |TAMS 0x0000000088700000, 0x0000000088700000| Untracked 
| 136|0x0000000088800000, 0x0000000088900000, 0x0000000088900000|100%| O|  |TAMS 0x0000000088800000, 0x0000000088800000| Untracked 
| 137|0x0000000088900000, 0x0000000088a00000, 0x0000000088a00000|100%| O|  |TAMS 0x0000000088900000, 0x0000000088900000| Untracked 
| 138|0x0000000088a00000, 0x0000000088b00000, 0x0000000088b00000|100%| O|  |TAMS 0x0000000088a00000, 0x0000000088a00000| Untracked 
| 139|0x0000000088b00000, 0x0000000088c00000, 0x0000000088c00000|100%| O|  |TAMS 0x0000000088b00000, 0x0000000088b00000| Untracked 
| 140|0x0000000088c00000, 0x0000000088d00000, 0x0000000088d00000|100%| O|  |TAMS 0x0000000088c00000, 0x0000000088c00000| Untracked 
| 141|0x0000000088d00000, 0x0000000088e00000, 0x0000000088e00000|100%| O|  |TAMS 0x0000000088d00000, 0x0000000088d00000| Untracked 
| 142|0x0000000088e00000, 0x0000000088f00000, 0x0000000088f00000|100%| O|  |TAMS 0x0000000088e00000, 0x0000000088e00000| Untracked 
| 143|0x0000000088f00000, 0x0000000089000000, 0x0000000089000000|100%| O|  |TAMS 0x0000000088f00000, 0x0000000088f00000| Untracked 
| 144|0x0000000089000000, 0x0000000089100000, 0x0000000089100000|100%| O|  |TAMS 0x0000000089000000, 0x0000000089000000| Untracked 
| 145|0x0000000089100000, 0x0000000089200000, 0x0000000089200000|100%| O|  |TAMS 0x0000000089100000, 0x0000000089100000| Untracked 
| 146|0x0000000089200000, 0x0000000089300000, 0x0000000089300000|100%| O|  |TAMS 0x0000000089200000, 0x0000000089200000| Untracked 
| 147|0x0000000089300000, 0x0000000089400000, 0x0000000089400000|100%| O|  |TAMS 0x0000000089300000, 0x0000000089300000| Untracked 
| 148|0x0000000089400000, 0x0000000089500000, 0x0000000089500000|100%| O|  |TAMS 0x0000000089400000, 0x0000000089400000| Untracked 
| 149|0x0000000089500000, 0x0000000089500000, 0x0000000089600000|  0%| F|  |TAMS 0x0000000089500000, 0x0000000089500000| Untracked 
| 150|0x0000000089600000, 0x0000000089600000, 0x0000000089700000|  0%| F|  |TAMS 0x0000000089600000, 0x0000000089600000| Untracked 
| 151|0x0000000089700000, 0x0000000089700000, 0x0000000089800000|  0%| F|  |TAMS 0x0000000089700000, 0x0000000089700000| Untracked 
| 152|0x0000000089800000, 0x0000000089800000, 0x0000000089900000|  0%| F|  |TAMS 0x0000000089800000, 0x0000000089800000| Untracked 
| 153|0x0000000089900000, 0x0000000089900000, 0x0000000089a00000|  0%| F|  |TAMS 0x0000000089900000, 0x0000000089900000| Untracked 
| 154|0x0000000089a00000, 0x0000000089a00000, 0x0000000089b00000|  0%| F|  |TAMS 0x0000000089a00000, 0x0000000089a00000| Untracked 
| 155|0x0000000089b00000, 0x0000000089b00000, 0x0000000089c00000|  0%| F|  |TAMS 0x0000000089b00000, 0x0000000089b00000| Untracked 
| 156|0x0000000089c00000, 0x0000000089c00000, 0x0000000089d00000|  0%| F|  |TAMS 0x0000000089c00000, 0x0000000089c00000| Untracked 
| 157|0x0000000089d00000, 0x0000000089d00000, 0x0000000089e00000|  0%| F|  |TAMS 0x0000000089d00000, 0x0000000089d00000| Untracked 
| 158|0x0000000089e00000, 0x0000000089e00000, 0x0000000089f00000|  0%| F|  |TAMS 0x0000000089e00000, 0x0000000089e00000| Untracked 
| 159|0x0000000089f00000, 0x0000000089f00000, 0x000000008a000000|  0%| F|  |TAMS 0x0000000089f00000, 0x0000000089f00000| Untracked 
| 160|0x000000008a000000, 0x000000008a000000, 0x000000008a100000|  0%| F|  |TAMS 0x000000008a000000, 0x000000008a000000| Untracked 
| 161|0x000000008a100000, 0x000000008a100000, 0x000000008a200000|  0%| F|  |TAMS 0x000000008a100000, 0x000000008a100000| Untracked 
| 162|0x000000008a200000, 0x000000008a200000, 0x000000008a300000|  0%| F|  |TAMS 0x000000008a200000, 0x000000008a200000| Untracked 
| 163|0x000000008a300000, 0x000000008a300000, 0x000000008a400000|  0%| F|  |TAMS 0x000000008a300000, 0x000000008a300000| Untracked 
| 164|0x000000008a400000, 0x000000008a400000, 0x000000008a500000|  0%| F|  |TAMS 0x000000008a400000, 0x000000008a400000| Untracked 
| 165|0x000000008a500000, 0x000000008a500000, 0x000000008a600000|  0%| F|  |TAMS 0x000000008a500000, 0x000000008a500000| Untracked 
| 166|0x000000008a600000, 0x000000008a600000, 0x000000008a700000|  0%| F|  |TAMS 0x000000008a600000, 0x000000008a600000| Untracked 
| 167|0x000000008a700000, 0x000000008a700000, 0x000000008a800000|  0%| F|  |TAMS 0x000000008a700000, 0x000000008a700000| Untracked 
| 168|0x000000008a800000, 0x000000008a800000, 0x000000008a900000|  0%| F|  |TAMS 0x000000008a800000, 0x000000008a800000| Untracked 
| 169|0x000000008a900000, 0x000000008a900000, 0x000000008aa00000|  0%| F|  |TAMS 0x000000008a900000, 0x000000008a900000| Untracked 
| 170|0x000000008aa00000, 0x000000008aa00000, 0x000000008ab00000|  0%| F|  |TAMS 0x000000008aa00000, 0x000000008aa00000| Untracked 
| 171|0x000000008ab00000, 0x000000008ab00000, 0x000000008ac00000|  0%| F|  |TAMS 0x000000008ab00000, 0x000000008ab00000| Untracked 
| 172|0x000000008ac00000, 0x000000008ac00000, 0x000000008ad00000|  0%| F|  |TAMS 0x000000008ac00000, 0x000000008ac00000| Untracked 
| 173|0x000000008ad00000, 0x000000008ad00000, 0x000000008ae00000|  0%| F|  |TAMS 0x000000008ad00000, 0x000000008ad00000| Untracked 
| 174|0x000000008ae00000, 0x000000008ae00000, 0x000000008af00000|  0%| F|  |TAMS 0x000000008ae00000, 0x000000008ae00000| Untracked 
| 175|0x000000008af00000, 0x000000008af00000, 0x000000008b000000|  0%| F|  |TAMS 0x000000008af00000, 0x000000008af00000| Untracked 
| 176|0x000000008b000000, 0x000000008b000000, 0x000000008b100000|  0%| F|  |TAMS 0x000000008b000000, 0x000000008b000000| Untracked 
| 177|0x000000008b100000, 0x000000008b100000, 0x000000008b200000|  0%| F|  |TAMS 0x000000008b100000, 0x000000008b100000| Untracked 
| 178|0x000000008b200000, 0x000000008b200000, 0x000000008b300000|  0%| F|  |TAMS 0x000000008b200000, 0x000000008b200000| Untracked 
| 179|0x000000008b300000, 0x000000008b300000, 0x000000008b400000|  0%| F|  |TAMS 0x000000008b300000, 0x000000008b300000| Untracked 
| 180|0x000000008b400000, 0x000000008b400000, 0x000000008b500000|  0%| F|  |TAMS 0x000000008b400000, 0x000000008b400000| Untracked 
| 181|0x000000008b500000, 0x000000008b500000, 0x000000008b600000|  0%| F|  |TAMS 0x000000008b500000, 0x000000008b500000| Untracked 
| 182|0x000000008b600000, 0x000000008b600000, 0x000000008b700000|  0%| F|  |TAMS 0x000000008b600000, 0x000000008b600000| Untracked 
| 183|0x000000008b700000, 0x000000008b700000, 0x000000008b800000|  0%| F|  |TAMS 0x000000008b700000, 0x000000008b700000| Untracked 
| 184|0x000000008b800000, 0x000000008b800000, 0x000000008b900000|  0%| F|  |TAMS 0x000000008b800000, 0x000000008b800000| Untracked 
| 185|0x000000008b900000, 0x000000008b900000, 0x000000008ba00000|  0%| F|  |TAMS 0x000000008b900000, 0x000000008b900000| Untracked 
| 186|0x000000008ba00000, 0x000000008ba74e00, 0x000000008bb00000| 45%| S|CS|TAMS 0x000000008ba00000, 0x000000008ba00000| Complete 
| 187|0x000000008bb00000, 0x000000008bc00000, 0x000000008bc00000|100%| S|CS|TAMS 0x000000008bb00000, 0x000000008bb00000| Complete 
| 188|0x000000008bc00000, 0x000000008bd00000, 0x000000008bd00000|100%| S|CS|TAMS 0x000000008bc00000, 0x000000008bc00000| Complete 
| 189|0x000000008bd00000, 0x000000008be00000, 0x000000008be00000|100%| S|CS|TAMS 0x000000008bd00000, 0x000000008bd00000| Complete 
| 190|0x000000008be00000, 0x000000008bf00000, 0x000000008bf00000|100%| S|CS|TAMS 0x000000008be00000, 0x000000008be00000| Complete 
| 191|0x000000008bf00000, 0x000000008c000000, 0x000000008c000000|100%| S|CS|TAMS 0x000000008bf00000, 0x000000008bf00000| Complete 
| 192|0x000000008c000000, 0x000000008c100000, 0x000000008c100000|100%| S|CS|TAMS 0x000000008c000000, 0x000000008c000000| Complete 
| 193|0x000000008c100000, 0x000000008c200000, 0x000000008c200000|100%| S|CS|TAMS 0x000000008c100000, 0x000000008c100000| Complete 
| 194|0x000000008c200000, 0x000000008c200000, 0x000000008c300000|  0%| F|  |TAMS 0x000000008c200000, 0x000000008c200000| Untracked 
| 195|0x000000008c300000, 0x000000008c300000, 0x000000008c400000|  0%| F|  |TAMS 0x000000008c300000, 0x000000008c300000| Untracked 
| 196|0x000000008c400000, 0x000000008c400000, 0x000000008c500000|  0%| F|  |TAMS 0x000000008c400000, 0x000000008c400000| Untracked 
| 197|0x000000008c500000, 0x000000008c500000, 0x000000008c600000|  0%| F|  |TAMS 0x000000008c500000, 0x000000008c500000| Untracked 
| 198|0x000000008c600000, 0x000000008c600000, 0x000000008c700000|  0%| F|  |TAMS 0x000000008c600000, 0x000000008c600000| Untracked 
| 199|0x000000008c700000, 0x000000008c700000, 0x000000008c800000|  0%| F|  |TAMS 0x000000008c700000, 0x000000008c700000| Untracked 
| 200|0x000000008c800000, 0x000000008c800000, 0x000000008c900000|  0%| F|  |TAMS 0x000000008c800000, 0x000000008c800000| Untracked 
| 201|0x000000008c900000, 0x000000008c900000, 0x000000008ca00000|  0%| F|  |TAMS 0x000000008c900000, 0x000000008c900000| Untracked 
| 202|0x000000008ca00000, 0x000000008ca00000, 0x000000008cb00000|  0%| F|  |TAMS 0x000000008ca00000, 0x000000008ca00000| Untracked 
| 203|0x000000008cb00000, 0x000000008cb81260, 0x000000008cc00000| 50%| E|  |TAMS 0x000000008cb00000, 0x000000008cb00000| Complete 
| 204|0x000000008cc00000, 0x000000008cd00000, 0x000000008cd00000|100%| E|CS|TAMS 0x000000008cc00000, 0x000000008cc00000| Complete 
| 205|0x000000008cd00000, 0x000000008ce00000, 0x000000008ce00000|100%| E|CS|TAMS 0x000000008cd00000, 0x000000008cd00000| Complete 
| 206|0x000000008ce00000, 0x000000008cf00000, 0x000000008cf00000|100%| E|CS|TAMS 0x000000008ce00000, 0x000000008ce00000| Complete 
| 207|0x000000008cf00000, 0x000000008d000000, 0x000000008d000000|100%| E|CS|TAMS 0x000000008cf00000, 0x000000008cf00000| Complete 
| 208|0x000000008d000000, 0x000000008d100000, 0x000000008d100000|100%| E|CS|TAMS 0x000000008d000000, 0x000000008d000000| Complete 
| 209|0x000000008d100000, 0x000000008d200000, 0x000000008d200000|100%| E|CS|TAMS 0x000000008d100000, 0x000000008d100000| Complete 
| 210|0x000000008d200000, 0x000000008d300000, 0x000000008d300000|100%| E|CS|TAMS 0x000000008d200000, 0x000000008d200000| Complete 
| 211|0x000000008d300000, 0x000000008d400000, 0x000000008d400000|100%| E|CS|TAMS 0x000000008d300000, 0x000000008d300000| Complete 
| 212|0x000000008d400000, 0x000000008d500000, 0x000000008d500000|100%| E|CS|TAMS 0x000000008d400000, 0x000000008d400000| Complete 
| 213|0x000000008d500000, 0x000000008d600000, 0x000000008d600000|100%| E|CS|TAMS 0x000000008d500000, 0x000000008d500000| Complete 
| 214|0x000000008d600000, 0x000000008d700000, 0x000000008d700000|100%| E|CS|TAMS 0x000000008d600000, 0x000000008d600000| Complete 
| 215|0x000000008d700000, 0x000000008d800000, 0x000000008d800000|100%| E|CS|TAMS 0x000000008d700000, 0x000000008d700000| Complete 
| 216|0x000000008d800000, 0x000000008d900000, 0x000000008d900000|100%| E|CS|TAMS 0x000000008d800000, 0x000000008d800000| Complete 
| 217|0x000000008d900000, 0x000000008da00000, 0x000000008da00000|100%| E|CS|TAMS 0x000000008d900000, 0x000000008d900000| Complete 
| 218|0x000000008da00000, 0x000000008db00000, 0x000000008db00000|100%| E|CS|TAMS 0x000000008da00000, 0x000000008da00000| Complete 
| 219|0x000000008db00000, 0x000000008dc00000, 0x000000008dc00000|100%| E|CS|TAMS 0x000000008db00000, 0x000000008db00000| Complete 
| 220|0x000000008dc00000, 0x000000008dd00000, 0x000000008dd00000|100%| E|CS|TAMS 0x000000008dc00000, 0x000000008dc00000| Complete 
| 221|0x000000008dd00000, 0x000000008de00000, 0x000000008de00000|100%| E|CS|TAMS 0x000000008dd00000, 0x000000008dd00000| Complete 
| 222|0x000000008de00000, 0x000000008df00000, 0x000000008df00000|100%| E|CS|TAMS 0x000000008de00000, 0x000000008de00000| Complete 
| 223|0x000000008df00000, 0x000000008e000000, 0x000000008e000000|100%| E|CS|TAMS 0x000000008df00000, 0x000000008df00000| Complete 
| 224|0x000000008e000000, 0x000000008e100000, 0x000000008e100000|100%| E|CS|TAMS 0x000000008e000000, 0x000000008e000000| Complete 
| 225|0x000000008e100000, 0x000000008e200000, 0x000000008e200000|100%| E|CS|TAMS 0x000000008e100000, 0x000000008e100000| Complete 
| 226|0x000000008e200000, 0x000000008e300000, 0x000000008e300000|100%| E|CS|TAMS 0x000000008e200000, 0x000000008e200000| Complete 
| 227|0x000000008e300000, 0x000000008e400000, 0x000000008e400000|100%| E|CS|TAMS 0x000000008e300000, 0x000000008e300000| Complete 
| 228|0x000000008e400000, 0x000000008e500000, 0x000000008e500000|100%| E|CS|TAMS 0x000000008e400000, 0x000000008e400000| Complete 
| 229|0x000000008e500000, 0x000000008e600000, 0x000000008e600000|100%| E|CS|TAMS 0x000000008e500000, 0x000000008e500000| Complete 
| 230|0x000000008e600000, 0x000000008e700000, 0x000000008e700000|100%| E|CS|TAMS 0x000000008e600000, 0x000000008e600000| Complete 
| 231|0x000000008e700000, 0x000000008e800000, 0x000000008e800000|100%| E|CS|TAMS 0x000000008e700000, 0x000000008e700000| Complete 
| 232|0x000000008e800000, 0x000000008e900000, 0x000000008e900000|100%| E|CS|TAMS 0x000000008e800000, 0x000000008e800000| Complete 
| 233|0x000000008e900000, 0x000000008ea00000, 0x000000008ea00000|100%| E|CS|TAMS 0x000000008e900000, 0x000000008e900000| Complete 
| 234|0x000000008ea00000, 0x000000008eb00000, 0x000000008eb00000|100%| E|CS|TAMS 0x000000008ea00000, 0x000000008ea00000| Complete 
| 235|0x000000008eb00000, 0x000000008ec00000, 0x000000008ec00000|100%| E|CS|TAMS 0x000000008eb00000, 0x000000008eb00000| Complete 
| 236|0x000000008ec00000, 0x000000008ed00000, 0x000000008ed00000|100%| E|CS|TAMS 0x000000008ec00000, 0x000000008ec00000| Complete 
| 237|0x000000008ed00000, 0x000000008ee00000, 0x000000008ee00000|100%| E|CS|TAMS 0x000000008ed00000, 0x000000008ed00000| Complete 
| 238|0x000000008ee00000, 0x000000008ef00000, 0x000000008ef00000|100%| E|CS|TAMS 0x000000008ee00000, 0x000000008ee00000| Complete 
| 239|0x000000008ef00000, 0x000000008f000000, 0x000000008f000000|100%| E|CS|TAMS 0x000000008ef00000, 0x000000008ef00000| Complete 
| 240|0x000000008f000000, 0x000000008f100000, 0x000000008f100000|100%| E|CS|TAMS 0x000000008f000000, 0x000000008f000000| Complete 
| 241|0x000000008f100000, 0x000000008f200000, 0x000000008f200000|100%| E|CS|TAMS 0x000000008f100000, 0x000000008f100000| Complete 
| 242|0x000000008f200000, 0x000000008f300000, 0x000000008f300000|100%| E|CS|TAMS 0x000000008f200000, 0x000000008f200000| Complete 
| 243|0x000000008f300000, 0x000000008f400000, 0x000000008f400000|100%| E|CS|TAMS 0x000000008f300000, 0x000000008f300000| Complete 
| 244|0x000000008f400000, 0x000000008f500000, 0x000000008f500000|100%| E|CS|TAMS 0x000000008f400000, 0x000000008f400000| Complete 
| 245|0x000000008f500000, 0x000000008f600000, 0x000000008f600000|100%| E|CS|TAMS 0x000000008f500000, 0x000000008f500000| Complete 
| 246|0x000000008f600000, 0x000000008f700000, 0x000000008f700000|100%| E|CS|TAMS 0x000000008f600000, 0x000000008f600000| Complete 
| 247|0x000000008f700000, 0x000000008f800000, 0x000000008f800000|100%| E|CS|TAMS 0x000000008f700000, 0x000000008f700000| Complete 

Card table byte_map: [0x00000000157d0000,0x0000000015bd0000] _byte_map_base: 0x00000000153d0000

Marking Bits (Prev, Next): (CMBitMap*) 0x0000000000469f70, (CMBitMap*) 0x0000000000469f30
 Prev Bits: [0x0000000017fd0000, 0x0000000019fd0000)
 Next Bits: [0x0000000015fd0000, 0x0000000017fd0000)

Polling page: 0x0000000000130000

Metaspace:

Usage:
  Non-class:    116.31 MB used.
      Class:     17.12 MB used.
       Both:    133.43 MB used.

Virtual space:
  Non-class space:      120.00 MB reserved,     116.69 MB ( 97%) committed,  15 nodes.
      Class space:        1.00 GB reserved,      17.50 MB (  2%) committed,  1 nodes.
             Both:        1.12 GB reserved,     134.19 MB ( 12%) committed. 

Chunk freelists:
   Non-Class:  3.20 MB
       Class:  2.54 MB
        Both:  5.75 MB

MaxMetaspaceSize: unlimited
CompressedClassSpaceSize: 1.00 GB
Initial GC threshold: 21.00 MB
Current GC threshold: 179.38 MB
CDS: off
MetaspaceReclaimPolicy: balanced
 - commit_granule_bytes: 65536.
 - commit_granule_words: 8192.
 - virtual_space_node_default_size: 1048576.
 - enlarge_chunks_in_place: 1.
 - new_chunks_are_fully_committed: 0.
 - uncommit_free_chunks: 1.
 - use_allocation_guard: 0.
 - handle_deallocations: 1.


Internal statistics:

num_allocs_failed_limit: 9.
num_arena_births: 960.
num_arena_deaths: 0.
num_vsnodes_births: 16.
num_vsnodes_deaths: 0.
num_space_committed: 2145.
num_space_uncommitted: 0.
num_chunks_returned_to_freelist: 9.
num_chunks_taken_from_freelist: 5557.
num_chunk_merges: 9.
num_chunk_splits: 4203.
num_chunks_enlarged: 3340.
num_purges: 0.
num_inconsistent_stats: 0.

CodeHeap 'non-profiled nmethods': size=120000Kb used=5853Kb max_used=5853Kb free=114146Kb
 bounds [0x000000000d970000, 0x000000000df30000, 0x0000000014ea0000]
CodeHeap 'profiled nmethods': size=120000Kb used=22611Kb max_used=22611Kb free=97388Kb
 bounds [0x0000000005ea0000, 0x00000000074c0000, 0x000000000d3d0000]
CodeHeap 'non-nmethods': size=5760Kb used=2546Kb max_used=2606Kb free=3214Kb
 bounds [0x000000000d3d0000, 0x000000000d670000, 0x000000000d970000]
 total_blobs=12618 nmethods=11510 adapters=1018
 compilation: enabled
              stopped_count=0, restarted_count=0
 full_count=0

Compilation events (20 events):
Event: 74.559 Thread 0x000000001cee5200 13269       3       org.gradle.internal.serialization.Cached::<init> (5 bytes)
Event: 74.560 Thread 0x000000001cee5200 nmethod 13269 0x00000000074a4190 code [0x00000000074a4320, 0x00000000074a4478]
Event: 74.699 Thread 0x000000001cee5200 13270       1       java.lang.management.MemoryUsage::getUsed (5 bytes)
Event: 74.699 Thread 0x000000001cee5200 nmethod 13270 0x000000000df10090 code [0x000000000df10220, 0x000000000df102f8]
Event: 74.904 Thread 0x000000001cee5200 13271       3       org.gradle.internal.serialize.InputStreamBackedDecoder::readInt (8 bytes)
Event: 74.905 Thread 0x000000001cee5200 nmethod 13271 0x00000000074a4510 code [0x00000000074a46c0, 0x00000000074a4808]
Event: 74.924 Thread 0x000000001cee5200 13272       3       java.util.Collections$UnmodifiableSet::<init> (6 bytes)
Event: 74.925 Thread 0x000000001cee5200 nmethod 13272 0x00000000074a4910 code [0x00000000074a4ac0, 0x00000000074a4de8]
Event: 74.958 Thread 0x000000001cee4900 nmethod 13261 0x000000000df10390 code [0x000000000df10d20, 0x000000000df1c708]
Event: 74.958 Thread 0x000000001cee4900 13263   !   4       com.google.common.reflect.TypeVisitor::visit (244 bytes)
Event: 75.551 Thread 0x000000001cee5200 13273       3       sun.reflect.generics.parser.SignatureParser::parseFormalTypeParameter (16 bytes)
Event: 75.552 Thread 0x000000001cee5200 nmethod 13273 0x00000000074a4f10 code [0x00000000074a5100, 0x00000000074a5628]
Event: 75.552 Thread 0x000000001cee5200 13274       3       sun.reflect.generics.parser.SignatureParser::parseBounds (112 bytes)
Event: 75.555 Thread 0x000000001cee5200 nmethod 13274 0x00000000074a5890 code [0x00000000074a5b60, 0x00000000074a6b78]
Event: 75.555 Thread 0x000000001cee5200 13275       3       sun.reflect.generics.tree.FormalTypeParameter::make (10 bytes)
Event: 75.555 Thread 0x000000001cee5200 nmethod 13275 0x00000000074a7090 code [0x00000000074a7240, 0x00000000074a74f8]
Event: 75.564 Thread 0x000000001cee5200 13276       3       org.objectweb.asm.SymbolTable::putBootstrapMethods (56 bytes)
Event: 75.565 Thread 0x000000001cee5200 nmethod 13276 0x00000000074a7610 code [0x00000000074a7800, 0x00000000074a7ac8]
Event: 76.350 Thread 0x000000001cee5200 13277       1       com.android.build.gradle.internal.services.ProjectServices::getObjectFactory (5 bytes)
Event: 76.351 Thread 0x000000001cee5200 nmethod 13277 0x000000000df26c10 code [0x000000000df26da0, 0x000000000df26e78]

GC Heap History (20 events):
Event: 32.973 GC heap before
{Heap before GC invocations=30 (full 0):
 garbage-first heap   total 253952K, used 122374K [0x0000000080000000, 0x0000000100000000)
  region size 1024K, 21 young (21504K), 7 survivors (7168K)
 Metaspace       used 91986K, committed 92608K, reserved 1130496K
  class space    used 12066K, committed 12352K, reserved 1048576K
}
Event: 32.997 GC heap after
{Heap after GC invocations=31 (full 0):
 garbage-first heap   total 253952K, used 109338K [0x0000000080000000, 0x0000000100000000)
  region size 1024K, 7 young (7168K), 7 survivors (7168K)
 Metaspace       used 91986K, committed 92608K, reserved 1130496K
  class space    used 12066K, committed 12352K, reserved 1048576K
}
Event: 37.800 GC heap before
{Heap before GC invocations=32 (full 0):
 garbage-first heap   total 253952K, used 204570K [0x0000000080000000, 0x0000000100000000)
  region size 1024K, 100 young (102400K), 7 survivors (7168K)
 Metaspace       used 105644K, committed 106304K, reserved 1146880K
  class space    used 13664K, committed 13952K, reserved 1048576K
}
Event: 37.849 GC heap after
{Heap after GC invocations=33 (full 0):
 garbage-first heap   total 253952K, used 114310K [0x0000000080000000, 0x0000000100000000)
  region size 1024K, 6 young (6144K), 6 survivors (6144K)
 Metaspace       used 105644K, committed 106304K, reserved 1146880K
  class space    used 13664K, committed 13952K, reserved 1048576K
}
Event: 38.329 GC heap before
{Heap before GC invocations=33 (full 0):
 garbage-first heap   total 253952K, used 119430K [0x0000000080000000, 0x0000000100000000)
  region size 1024K, 12 young (12288K), 6 survivors (6144K)
 Metaspace       used 106608K, committed 107200K, reserved 1146880K
  class space    used 13761K, committed 14016K, reserved 1048576K
}
Event: 38.363 GC heap after
{Heap after GC invocations=34 (full 0):
 garbage-first heap   total 253952K, used 114124K [0x0000000080000000, 0x0000000100000000)
  region size 1024K, 1 young (1024K), 1 survivors (1024K)
 Metaspace       used 106608K, committed 107200K, reserved 1146880K
  class space    used 13761K, committed 14016K, reserved 1048576K
}
Event: 41.550 GC heap before
{Heap before GC invocations=34 (full 0):
 garbage-first heap   total 253952K, used 208332K [0x0000000080000000, 0x0000000100000000)
  region size 1024K, 92 young (94208K), 1 survivors (1024K)
 Metaspace       used 109586K, committed 110208K, reserved 1146880K
  class space    used 14060K, committed 14336K, reserved 1048576K
}
Event: 41.574 GC heap after
{Heap after GC invocations=35 (full 0):
 garbage-first heap   total 253952K, used 121979K [0x0000000080000000, 0x0000000100000000)
  region size 1024K, 9 young (9216K), 9 survivors (9216K)
 Metaspace       used 109586K, committed 110208K, reserved 1146880K
  class space    used 14060K, committed 14336K, reserved 1048576K
}
Event: 49.752 GC heap before
{Heap before GC invocations=36 (full 0):
 garbage-first heap   total 253952K, used 204923K [0x0000000080000000, 0x0000000100000000)
  region size 1024K, 91 young (93184K), 9 survivors (9216K)
 Metaspace       used 119259K, committed 119936K, reserved 1155072K
  class space    used 15393K, committed 15680K, reserved 1048576K
}
Event: 49.779 GC heap after
{Heap after GC invocations=37 (full 0):
 garbage-first heap   total 253952K, used 120906K [0x0000000080000000, 0x0000000100000000)
  region size 1024K, 7 young (7168K), 7 survivors (7168K)
 Metaspace       used 119259K, committed 119936K, reserved 1155072K
  class space    used 15393K, committed 15680K, reserved 1048576K
}
Event: 51.266 GC heap before
{Heap before GC invocations=37 (full 0):
 garbage-first heap   total 253952K, used 125002K [0x0000000080000000, 0x0000000100000000)
  region size 1024K, 12 young (12288K), 7 survivors (7168K)
 Metaspace       used 119583K, committed 120256K, reserved 1155072K
  class space    used 15429K, committed 15744K, reserved 1048576K
}
Event: 51.303 GC heap after
{Heap after GC invocations=38 (full 0):
 garbage-first heap   total 253952K, used 120547K [0x0000000080000000, 0x0000000100000000)
  region size 1024K, 1 young (1024K), 1 survivors (1024K)
 Metaspace       used 119583K, committed 120256K, reserved 1155072K
  class space    used 15429K, committed 15744K, reserved 1048576K
}
Event: 63.996 GC heap before
{Heap before GC invocations=38 (full 0):
 garbage-first heap   total 253952K, used 211683K [0x0000000080000000, 0x0000000100000000)
  region size 1024K, 85 young (87040K), 1 survivors (1024K)
 Metaspace       used 128977K, committed 129792K, reserved 1163264K
  class space    used 16650K, committed 17024K, reserved 1048576K
}
Event: 64.013 GC heap after
{Heap after GC invocations=39 (full 0):
 garbage-first heap   total 253952K, used 134357K [0x0000000080000000, 0x0000000100000000)
  region size 1024K, 11 young (11264K), 11 survivors (11264K)
 Metaspace       used 128977K, committed 129792K, reserved 1163264K
  class space    used 16650K, committed 17024K, reserved 1048576K
}
Event: 67.905 GC heap before
{Heap before GC invocations=39 (full 0):
 garbage-first heap   total 253952K, used 209109K [0x0000000080000000, 0x0000000100000000)
  region size 1024K, 80 young (81920K), 11 survivors (11264K)
 Metaspace       used 133371K, committed 134208K, reserved 1171456K
  class space    used 17218K, committed 17600K, reserved 1048576K
}
Event: 67.942 GC heap after
{Heap after GC invocations=40 (full 0):
 garbage-first heap   total 253952K, used 140870K [0x0000000080000000, 0x0000000100000000)
  region size 1024K, 8 young (8192K), 8 survivors (8192K)
 Metaspace       used 133371K, committed 134208K, reserved 1171456K
  class space    used 17218K, committed 17600K, reserved 1048576K
}
Event: 68.735 GC heap before
{Heap before GC invocations=40 (full 0):
 garbage-first heap   total 253952K, used 208454K [0x0000000080000000, 0x0000000100000000)
  region size 1024K, 73 young (74752K), 8 survivors (8192K)
 Metaspace       used 133494K, committed 134272K, reserved 1171456K
  class space    used 17221K, committed 17600K, reserved 1048576K
}
Event: 68.771 GC heap after
{Heap after GC invocations=41 (full 0):
 garbage-first heap   total 253952K, used 152355K [0x0000000080000000, 0x0000000100000000)
  region size 1024K, 10 young (10240K), 10 survivors (10240K)
 Metaspace       used 133494K, committed 134272K, reserved 1171456K
  class space    used 17221K, committed 17600K, reserved 1048576K
}
Event: 72.027 GC heap before
{Heap before GC invocations=41 (full 0):
 garbage-first heap   total 253952K, used 207651K [0x0000000080000000, 0x0000000100000000)
  region size 1024K, 64 young (65536K), 10 survivors (10240K)
 Metaspace       used 133979K, committed 134720K, reserved 1171456K
  class space    used 17246K, committed 17600K, reserved 1048576K
}
Event: 72.060 GC heap after
{Heap after GC invocations=42 (full 0):
 garbage-first heap   total 253952K, used 160211K [0x0000000080000000, 0x0000000100000000)
  region size 1024K, 8 young (8192K), 8 survivors (8192K)
 Metaspace       used 133979K, committed 134720K, reserved 1171456K
  class space    used 17246K, committed 17600K, reserved 1048576K
}

Dll operation events (2 events):
Event: 0.194 Loaded shared library C:\Program Files\Android\Android Studio2\jbr\bin\java.dll
Event: 1.537 Loaded shared library C:\Program Files\Android\Android Studio2\jbr\bin\verify.dll

Deoptimization events (20 events):
Event: 73.252 Thread 0x00000000615df140 Uncommon trap: trap_request=0xffffffde fr.pc=0x000000000dcbcf64 relative=0x0000000000000f44
Event: 73.252 Thread 0x00000000615df140 Uncommon trap: reason=class_check action=maybe_recompile pc=0x000000000dcbcf64 method=jdk.internal.loader.URLClassPath.getResource(Ljava/lang/String;Z)Ljdk/internal/loader/Resource; @ 53 c2
Event: 73.252 Thread 0x00000000615df140 DEOPT PACKING pc=0x000000000dcbcf64 sp=0x000000005f6882a0
Event: 73.252 Thread 0x00000000615df140 DEOPT UNPACKING pc=0x000000000d4269a3 sp=0x000000005f688040 mode 2
Event: 73.252 Thread 0x00000000615df140 Uncommon trap: trap_request=0xffffffde fr.pc=0x000000000dc9efb0 relative=0x0000000000001510
Event: 73.252 Thread 0x00000000615df140 Uncommon trap: reason=class_check action=maybe_recompile pc=0x000000000dc9efb0 method=jdk.internal.loader.Resource.getBytes()[B @ 10 c2
Event: 73.252 Thread 0x00000000615df140 DEOPT PACKING pc=0x000000000dc9efb0 sp=0x000000005f687ed0
Event: 73.252 Thread 0x00000000615df140 DEOPT UNPACKING pc=0x000000000d4269a3 sp=0x000000005f687ec8 mode 2
Event: 74.557 Thread 0x00000000615df140 Uncommon trap: trap_request=0xffffffde fr.pc=0x000000000db5b928 relative=0x0000000000000368
Event: 74.557 Thread 0x00000000615df140 Uncommon trap: reason=class_check action=maybe_recompile pc=0x000000000db5b928 method=java.lang.StringConcatHelper.stringOf(Ljava/lang/Object;)Ljava/lang/String; @ 5 c2
Event: 74.557 Thread 0x00000000615df140 DEOPT PACKING pc=0x000000000db5b928 sp=0x000000005f688760
Event: 74.557 Thread 0x00000000615df140 DEOPT UNPACKING pc=0x000000000d4269a3 sp=0x000000005f6886a0 mode 2
Event: 74.557 Thread 0x00000000615df140 Uncommon trap: trap_request=0xffffffde fr.pc=0x000000000db5b928 relative=0x0000000000000368
Event: 74.557 Thread 0x00000000615df140 Uncommon trap: reason=class_check action=maybe_recompile pc=0x000000000db5b928 method=java.lang.StringConcatHelper.stringOf(Ljava/lang/Object;)Ljava/lang/String; @ 5 c2
Event: 74.557 Thread 0x00000000615df140 DEOPT PACKING pc=0x000000000db5b928 sp=0x000000005f688730
Event: 74.558 Thread 0x00000000615df140 DEOPT UNPACKING pc=0x000000000d4269a3 sp=0x000000005f688670 mode 2
Event: 74.923 Thread 0x00000000615df140 Uncommon trap: trap_request=0xffffffde fr.pc=0x000000000db5b928 relative=0x0000000000000368
Event: 74.923 Thread 0x00000000615df140 Uncommon trap: reason=class_check action=maybe_recompile pc=0x000000000db5b928 method=java.lang.StringConcatHelper.stringOf(Ljava/lang/Object;)Ljava/lang/String; @ 5 c2
Event: 74.923 Thread 0x00000000615df140 DEOPT PACKING pc=0x000000000db5b928 sp=0x000000005f688760
Event: 74.923 Thread 0x00000000615df140 DEOPT UNPACKING pc=0x000000000d4269a3 sp=0x000000005f6886a0 mode 2

Classes unloaded (0 events):
No events

Classes redefined (0 events):
No events

Internal exceptions (20 events):
Event: 46.429 Thread 0x00000000615df140 Exception <a 'java/lang/NoSuchMethodError'{0x000000008bfddfe0}: 'void java.lang.invoke.DirectMethodHandle$Holder.invokeStatic(java.lang.Object, java.lang.Object, java.lang.Object, int, java.lang.Object)'> (0x000000008bfddfe0) 
thrown [s\src\hotspot\share\interpreter\linkResolver.cpp, line 771]
Event: 48.430 Thread 0x00000000615df140 Implicit null exception at 0x000000000dbd23e2 to 0x000000000dbd297c
Event: 48.902 Thread 0x00000000615df140 Exception <a 'sun/nio/fs/WindowsException'{0x000000008b314ce0}> (0x000000008b314ce0) 
thrown [s\src\hotspot\share\prims\jni.cpp, line 517]
Event: 49.850 Thread 0x00000000615df140 Exception <a 'java/net/UnknownHostException'{0x000000008f7f7520}> (0x000000008f7f7520) 
thrown [s\src\hotspot\share\prims\jni.cpp, line 517]
Event: 49.879 Thread 0x00000000615df140 Exception <a 'java/lang/ClassNotFoundException'{0x000000008f618668}: sun/misc/SharedSecrets> (0x000000008f618668) 
thrown [s\src\hotspot\share\classfile\systemDictionary.cpp, line 256]
Event: 53.190 Thread 0x0000000060b63710 Exception <a 'sun/nio/fs/WindowsException'{0x000000008ef6ec20}> (0x000000008ef6ec20) 
thrown [s\src\hotspot\share\prims\jni.cpp, line 517]
Event: 53.195 Thread 0x0000000060b63710 Exception <a 'sun/nio/fs/WindowsException'{0x000000008e740c10}> (0x000000008e740c10) 
thrown [s\src\hotspot\share\prims\jni.cpp, line 517]
Event: 53.195 Thread 0x0000000060b63710 Exception <a 'sun/nio/fs/WindowsException'{0x000000008e740d80}> (0x000000008e740d80) 
thrown [s\src\hotspot\share\prims\jni.cpp, line 517]
Event: 53.230 Thread 0x00000000615df140 Implicit null exception at 0x000000000dde8782 to 0x000000000dde8e20
Event: 53.230 Thread 0x00000000615df140 Implicit null exception at 0x000000000dde9704 to 0x000000000dde9d40
Event: 61.120 Thread 0x00000000615df140 Exception <a 'java/lang/NoSuchMethodError'{0x000000008c9be170}: 'int java.lang.invoke.DirectMethodHandle$Holder.invokeInterface(java.lang.Object, java.lang.Object, java.lang.Object, java.lang.Object)'> (0x000000008c9be170) 
thrown [s\src\hotspot\share\interpreter\linkResolver.cpp, line 771]
Event: 63.034 Thread 0x00000000615df140 Exception <a 'java/lang/IncompatibleClassChangeError'{0x000000008b2a0a48}: Found class java.lang.Object, but interface was expected> (0x000000008b2a0a48) 
thrown [s\src\hotspot\share\interpreter\linkResolver.cpp, line 838]
Event: 63.239 Thread 0x00000000615df140 Implicit null exception at 0x000000000dc586c9 to 0x000000000dc58860
Event: 64.220 Thread 0x00000000615df140 Exception <a 'sun/nio/fs/WindowsException'{0x000000008efe70b8}> (0x000000008efe70b8) 
thrown [s\src\hotspot\share\prims\jni.cpp, line 517]
Event: 66.562 Thread 0x00000000615df140 Implicit null exception at 0x000000000deb03b8 to 0x000000000deb0468
Event: 71.802 Thread 0x00000000615df140 Exception <a 'java/lang/NoSuchMethodError'{0x000000008c79b778}: 'int java.lang.invoke.DirectMethodHandle$Holder.invokeStaticInit(java.lang.Object, int)'> (0x000000008c79b778) 
thrown [s\src\hotspot\share\interpreter\linkResolver.cpp, line 771]
Event: 72.119 Thread 0x00000000615df140 Exception <a 'java/lang/NoSuchMethodError'{0x000000008f3eb3d0}: 'int java.lang.invoke.DirectMethodHandle$Holder.invokeSpecial(java.lang.Object, java.lang.Object, int, int)'> (0x000000008f3eb3d0) 
thrown [s\src\hotspot\share\interpreter\linkResolver.cpp, line 771]
Event: 73.199 Thread 0x0000000060b640b0 Exception <a 'sun/nio/fs/WindowsException'{0x000000008dbd2248}> (0x000000008dbd2248) 
thrown [s\src\hotspot\share\prims\jni.cpp, line 517]
Event: 73.214 Thread 0x0000000060b640b0 Exception <a 'sun/nio/fs/WindowsException'{0x000000008da32328}> (0x000000008da32328) 
thrown [s\src\hotspot\share\prims\jni.cpp, line 517]
Event: 73.214 Thread 0x0000000060b640b0 Exception <a 'sun/nio/fs/WindowsException'{0x000000008da32498}> (0x000000008da32498) 
thrown [s\src\hotspot\share\prims\jni.cpp, line 517]

VM Operations (20 events):
Event: 70.770 Executing VM operation: Cleanup
Event: 70.770 Executing VM operation: Cleanup done
Event: 71.771 Executing VM operation: Cleanup
Event: 71.776 Executing VM operation: Cleanup done
Event: 72.027 Executing VM operation: G1CollectForAllocation
Event: 72.060 Executing VM operation: G1CollectForAllocation done
Event: 72.381 Executing VM operation: ICBufferFull
Event: 72.381 Executing VM operation: ICBufferFull done
Event: 72.587 Executing VM operation: ICBufferFull
Event: 72.587 Executing VM operation: ICBufferFull done
Event: 72.830 Executing VM operation: ICBufferFull
Event: 72.830 Executing VM operation: ICBufferFull done
Event: 72.971 Executing VM operation: HandshakeAllThreads
Event: 72.972 Executing VM operation: HandshakeAllThreads done
Event: 73.060 Executing VM operation: ICBufferFull
Event: 73.060 Executing VM operation: ICBufferFull done
Event: 74.060 Executing VM operation: Cleanup
Event: 74.060 Executing VM operation: Cleanup done
Event: 76.060 Executing VM operation: Cleanup
Event: 76.060 Executing VM operation: Cleanup done

Events (20 events):
Event: 64.989 Thread 0x000000001cf19fd0 flushing nmethod 0x000000000702ea10
Event: 64.989 Thread 0x000000001cf19fd0 flushing nmethod 0x0000000007032390
Event: 64.989 Thread 0x000000001cf19fd0 flushing nmethod 0x000000000704ab10
Event: 64.989 Thread 0x000000001cf19fd0 flushing nmethod 0x000000000704ae90
Event: 64.989 Thread 0x000000001cf19fd0 flushing nmethod 0x0000000007094790
Event: 64.989 Thread 0x000000001cf19fd0 flushing nmethod 0x0000000007098290
Event: 64.991 Thread 0x000000001cf19fd0 flushing nmethod 0x000000000716a910
Event: 64.991 Thread 0x000000001cf19fd0 flushing nmethod 0x000000000716b590
Event: 64.991 Thread 0x000000001cf19fd0 flushing nmethod 0x0000000007181910
Event: 64.992 Thread 0x000000001cf19fd0 flushing nmethod 0x0000000007295610
Event: 64.992 Thread 0x000000001cf19fd0 flushing nmethod 0x0000000007295b90
Event: 64.992 Thread 0x000000001cf19fd0 flushing nmethod 0x0000000007295f90
Event: 64.992 Thread 0x000000001cf19fd0 flushing nmethod 0x00000000072a0390
Event: 65.602 Thread 0x0000000060b61f00 Thread exited: 0x0000000060b61f00
Event: 66.424 loading class sun/reflect/annotation/AnnotationInvocationHandler$1
Event: 66.424 loading class sun/reflect/annotation/AnnotationInvocationHandler$1 done
Event: 73.233 loading class jdk/internal/loader/URLClassPath$FileLoader
Event: 73.233 loading class jdk/internal/loader/URLClassPath$FileLoader done
Event: 73.234 loading class jdk/internal/loader/URLClassPath$FileLoader$1
Event: 73.234 loading class jdk/internal/loader/URLClassPath$FileLoader$1 done


Dynamic libraries:
0x000000013fb10000 - 0x000000013fb1a000 	C:\Program Files\Android\Android Studio2\jbr\bin\java.exe
0x0000000077110000 - 0x00000000772b9000 	C:\Windows\SYSTEM32\ntdll.dll
0x0000000076ff0000 - 0x000000007710f000 	C:\Windows\system32\kernel32.dll
0x000007fefd380000 - 0x000007fefd3eb000 	C:\Windows\system32\KERNELBASE.dll
0x000007feeb1f0000 - 0x000007feeb207000 	C:\Program Files\Android\Android Studio2\jbr\bin\jli.dll
0x000007fefbad0000 - 0x000007fefbcc4000 	C:\Windows\WinSxS\amd64_microsoft.windows.common-controls_6595b64144ccf1df_6.0.7601.17514_none_fa396087175ac9ac\COMCTL32.dll
0x000007fefd8d0000 - 0x000007fefd96f000 	C:\Windows\system32\msvcrt.dll
0x000007fefd860000 - 0x000007fefd8c7000 	C:\Windows\system32\GDI32.dll
0x0000000076ef0000 - 0x0000000076fea000 	C:\Windows\system32\USER32.dll
0x000007fefd970000 - 0x000007fefd97e000 	C:\Windows\system32\LPK.dll
0x000007fefdab0000 - 0x000007fefdb79000 	C:\Windows\system32\USP10.dll
0x000007fefdb80000 - 0x000007fefdbf1000 	C:\Windows\system32\SHLWAPI.dll
0x000007fef18f0000 - 0x000007fef190b000 	C:\Program Files\Android\Android Studio2\jbr\bin\VCRUNTIME140.dll
0x000007fee8bb0000 - 0x000007fee8bb4000 	C:\Program Files\Android\Android Studio2\jbr\bin\api-ms-win-crt-runtime-l1-1-0.dll
0x000007fee6430000 - 0x000007fee6522000 	C:\Program Files\Android\Android Studio2\jbr\bin\ucrtbase.DLL
0x000007feeb590000 - 0x000007feeb593000 	C:\Program Files\Android\Android Studio2\jbr\bin\api-ms-win-core-timezone-l1-1-0.dll
0x000007fee8760000 - 0x000007fee8763000 	C:\Program Files\Android\Android Studio2\jbr\bin\api-ms-win-core-file-l2-1-0.dll
0x000007fee8750000 - 0x000007fee8753000 	C:\Program Files\Android\Android Studio2\jbr\bin\api-ms-win-core-localization-l1-2-0.dll
0x000007fee8370000 - 0x000007fee8373000 	C:\Program Files\Android\Android Studio2\jbr\bin\api-ms-win-core-synch-l1-2-0.dll
0x000007fee7bc0000 - 0x000007fee7bc3000 	C:\Program Files\Android\Android Studio2\jbr\bin\api-ms-win-core-processthreads-l1-1-1.dll
0x000007fee7bb0000 - 0x000007fee7bb3000 	C:\Program Files\Android\Android Studio2\jbr\bin\api-ms-win-core-file-l1-2-0.dll
0x000007fee7b80000 - 0x000007fee7b83000 	C:\Program Files\Android\Android Studio2\jbr\bin\api-ms-win-crt-heap-l1-1-0.dll
0x000007fee7b70000 - 0x000007fee7b74000 	C:\Program Files\Android\Android Studio2\jbr\bin\api-ms-win-crt-string-l1-1-0.dll
0x000007fee7b60000 - 0x000007fee7b64000 	C:\Program Files\Android\Android Studio2\jbr\bin\api-ms-win-crt-stdio-l1-1-0.dll
0x000007fee7b50000 - 0x000007fee7b54000 	C:\Program Files\Android\Android Studio2\jbr\bin\api-ms-win-crt-convert-l1-1-0.dll
0x000007fee7450000 - 0x000007fee7453000 	C:\Program Files\Android\Android Studio2\jbr\bin\api-ms-win-crt-environment-l1-1-0.dll
0x000007fee7440000 - 0x000007fee7443000 	C:\Program Files\Android\Android Studio2\jbr\bin\api-ms-win-crt-filesystem-l1-1-0.dll
0x000007fee7430000 - 0x000007fee7435000 	C:\Program Files\Android\Android Studio2\jbr\bin\api-ms-win-crt-math-l1-1-0.dll
0x000007fee7420000 - 0x000007fee7423000 	C:\Program Files\Android\Android Studio2\jbr\bin\api-ms-win-crt-locale-l1-1-0.dll
0x000007fefd650000 - 0x000007fefd67e000 	C:\Windows\system32\IMM32.DLL
0x000007fefdce0000 - 0x000007fefdde9000 	C:\Windows\system32\MSCTF.dll
0x000007fefd020000 - 0x000007fefd05c000 	C:\Windows\system32\nvinitx.dll
0x000007fefdc00000 - 0x000007fefdcdb000 	C:\Windows\system32\ADVAPI32.dll
0x000007fefee20000 - 0x000007fefee3f000 	C:\Windows\SYSTEM32\sechost.dll
0x000007fefd980000 - 0x000007fefdaad000 	C:\Windows\system32\RPCRT4.dll
0x000007fef18d0000 - 0x000007fef18dc000 	C:\Program Files\Android\Android Studio2\jbr\bin\vcruntime140_1.dll
0x000007fee6190000 - 0x000007fee621d000 	C:\Program Files\Android\Android Studio2\jbr\bin\msvcp140.dll
0x000007fee7410000 - 0x000007fee7413000 	C:\Program Files\Android\Android Studio2\jbr\bin\api-ms-win-crt-time-l1-1-0.dll
0x000007fee7400000 - 0x000007fee7403000 	C:\Program Files\Android\Android Studio2\jbr\bin\api-ms-win-crt-utility-l1-1-0.dll
0x000007fec5070000 - 0x000007fec5cde000 	C:\Program Files\Android\Android Studio2\jbr\bin\server\jvm.dll
0x000007fef3a50000 - 0x000007fef3a59000 	C:\Windows\system32\WSOCK32.dll
0x000007feff3b0000 - 0x000007feff3fd000 	C:\Windows\system32\WS2_32.dll
0x000007fefd430000 - 0x000007fefd438000 	C:\Windows\system32\NSI.dll
0x000007fefb000000 - 0x000007fefb03b000 	C:\Windows\system32\WINMM.dll
0x000007fefc160000 - 0x000007fefc16c000 	C:\Windows\system32\VERSION.dll
0x000007feee7d0000 - 0x000007feee7da000 	C:\Program Files\Android\Android Studio2\jbr\bin\jimage.dll
0x000007fef4eb0000 - 0x000007fef4fd5000 	C:\Windows\system32\DBGHELP.DLL
0x000007feee100000 - 0x000007feee125000 	C:\Program Files\Android\Android Studio2\jbr\bin\java.dll
0x000007feec110000 - 0x000007feec128000 	C:\Program Files\Android\Android Studio2\jbr\bin\zip.dll
0x000007fefddf0000 - 0x000007fefeb78000 	C:\Windows\system32\SHELL32.dll
0x000007fefd440000 - 0x000007fefd643000 	C:\Windows\system32\ole32.dll
0x000007fefd060000 - 0x000007fefd06f000 	C:\Windows\system32\profapi.dll
0x000007feec0f0000 - 0x000007feec109000 	C:\Program Files\Android\Android Studio2\jbr\bin\net.dll
0x000007fef8e20000 - 0x000007fef8e91000 	C:\Windows\system32\WINHTTP.dll
0x000007fef8db0000 - 0x000007fef8e14000 	C:\Windows\system32\webio.dll
0x000007fefc850000 - 0x000007fefc8a5000 	C:\Windows\system32\mswsock.dll
0x000007fefc840000 - 0x000007fefc847000 	C:\Windows\System32\wship6.dll
0x000007feec0d0000 - 0x000007feec0e6000 	C:\Program Files\Android\Android Studio2\jbr\bin\nio.dll
0x000007feee0f0000 - 0x000007feee100000 	C:\Program Files\Android\Android Studio2\jbr\bin\verify.dll
0x000007fee8400000 - 0x000007fee8427000 	C:\Users\DELL\.gradle\native\68d5fa5c4cc2d200863cafc0d521ce42e7d3e7ee720ec0a83991735586a16f82\windows-amd64\native-platform.dll
0x000007feec0b0000 - 0x000007feec0b9000 	C:\Program Files\Android\Android Studio2\jbr\bin\management.dll
0x000007feeb220000 - 0x000007feeb22b000 	C:\Program Files\Android\Android Studio2\jbr\bin\management_ext.dll
0x00000000772d0000 - 0x00000000772d7000 	C:\Windows\system32\PSAPI.DLL
0x000007fefc8b0000 - 0x000007fefc8c7000 	C:\Windows\system32\CRYPTSP.dll
0x000007fefc5b0000 - 0x000007fefc5f7000 	C:\Windows\system32\rsaenh.dll
0x000007fefc370000 - 0x000007fefc38e000 	C:\Windows\system32\USERENV.dll
0x000007fefcf50000 - 0x000007fefcf5f000 	C:\Windows\system32\CRYPTBASE.dll
0x000007fefac10000 - 0x000007fefac37000 	C:\Windows\system32\IPHLPAPI.DLL
0x000007fefac50000 - 0x000007fefac5b000 	C:\Windows\system32\WINNSI.DLL
0x000007fefaa50000 - 0x000007fefaa68000 	C:\Windows\system32\dhcpcsvc.DLL
0x000007fefaa30000 - 0x000007fefaa41000 	C:\Windows\system32\dhcpcsvc6.DLL
0x000007fefc230000 - 0x000007fefc237000 	C:\Windows\System32\wshtcpip.dll
0x000007fefc6d0000 - 0x000007fefc72b000 	C:\Windows\system32\DNSAPI.dll
0x000007fef6820000 - 0x000007fef6828000 	C:\Windows\system32\rasadhlp.dll

dbghelp: loaded successfully - version: 4.0.5 - missing functions: none
symbol engine: initialized successfully - sym options: 0x614 - pdb path: .;C:\Program Files\Android\Android Studio2\jbr\bin;C:\Windows\SYSTEM32;C:\Windows\WinSxS\amd64_microsoft.windows.common-controls_6595b64144ccf1df_6.0.7601.17514_none_fa396087175ac9ac;C:\Program Files\Android\Android Studio2\jbr\bin\server;C:\Users\DELL\.gradle\native\68d5fa5c4cc2d200863cafc0d521ce42e7d3e7ee720ec0a83991735586a16f82\windows-amd64

VM Arguments:
jvm_args: --add-opens=java.base/java.util=ALL-UNNAMED --add-opens=java.base/java.lang=ALL-UNNAMED --add-opens=java.base/java.lang.invoke=ALL-UNNAMED --add-opens=java.prefs/java.util.prefs=ALL-UNNAMED --add-opens=java.base/java.nio.charset=ALL-UNNAMED --add-opens=java.base/java.net=ALL-UNNAMED --add-opens=java.base/java.util.concurrent.atomic=ALL-UNNAMED -Xmx2048m -Dfile.encoding=UTF-8 -Duser.country=US -Duser.language=en -Duser.variant 
java_command: org.gradle.launcher.daemon.bootstrap.GradleDaemon 8.0
java_class_path (initial): C:\Users\DELL\.gradle\wrapper\dists\gradle-8.0-bin\ca5e32bp14vu59qr306oxotwh\gradle-8.0\lib\gradle-launcher-8.0.jar
Launcher Type: SUN_STANDARD

[Global flags]
     intx CICompilerCount                          = 3                                         {product} {ergonomic}
     uint ConcGCThreads                            = 1                                         {product} {ergonomic}
     uint G1ConcRefinementThreads                  = 4                                         {product} {ergonomic}
   size_t G1HeapRegionSize                         = 1048576                                   {product} {ergonomic}
    uintx GCDrainStackTargetSize                   = 64                                        {product} {ergonomic}
   size_t InitialHeapSize                          = 67108864                                  {product} {ergonomic}
   size_t MarkStackSize                            = 4194304                                   {product} {ergonomic}
   size_t MaxHeapSize                              = 2147483648                                {product} {command line}
   size_t MaxNewSize                               = 1287651328                                {product} {ergonomic}
   size_t MinHeapDeltaBytes                        = 1048576                                   {product} {ergonomic}
   size_t MinHeapSize                              = 8388608                                   {product} {ergonomic}
    uintx NonNMethodCodeHeapSize                   = 5832780                                {pd product} {ergonomic}
    uintx NonProfiledCodeHeapSize                  = 122912730                              {pd product} {ergonomic}
    uintx ProfiledCodeHeapSize                     = 122912730                              {pd product} {ergonomic}
    uintx ReservedCodeCacheSize                    = 251658240                              {pd product} {ergonomic}
     bool SegmentedCodeCache                       = true                                      {product} {ergonomic}
   size_t SoftMaxHeapSize                          = 2147483648                             {manageable} {ergonomic}
     bool UseCompressedClassPointers               = true                           {product lp64_product} {ergonomic}
     bool UseCompressedOops                        = true                           {product lp64_product} {ergonomic}
     bool UseG1GC                                  = true                                      {product} {ergonomic}
     bool UseLargePagesIndividualAllocation        = false                                  {pd product} {ergonomic}

Logging:
Log output configuration:
 #0: stdout all=warning uptime,level,tags
 #1: stderr all=off uptime,level,tags

Environment Variables:
JAVA_HOME=C:\Program Files\Java\jdk-20\bin
PATH=C:\Program Files\Common Files\Oracle\Java\javapath;C:\Program Files (x86)\Common Files\Oracle\Java\javapath;C:\MinGW\bin;C:\Program Files\Microsoft VS Code\bin;C:\Program Files\Java\jdk-20\bin;C:\Program Files\Git\cmd;C:\Windows\System32\WindowsPowerShell\v1.0\;C:\Users\DELL\AppData\Local\Programs\Python\Python36-32\Scripts\;C:\Users\DELL\AppData\Local\Programs\Python\Python36-32\;C:\Program Files\Java\jdk-20\bin;C:\src\flutter\bin
USERNAME=DELL
OS=Windows_NT
PROCESSOR_IDENTIFIER=Intel64 Family 6 Model 42 Stepping 7, GenuineIntel
TMP=C:\Users\DELL\AppData\Local\Temp
TEMP=C:\Users\DELL\AppData\Local\Temp


JNI global refs:
JNI global refs: 21, weak refs: 3

JNI global refs memory usage: 843, weak refs: 841


---------------  S Y S T E M  ---------------

OS:
 Windows 7 , 64 bit Build 7601 (6.1.7601.17514)
OS uptime: 5 days 14:31 hours

CPU: total 4 (initial active 4) (2 cores per cpu, 2 threads per core) family 6 model 42 stepping 7 microcode 0x0, cx8, cmov, fxsr, ht, mmx, sse, sse2, sse3, ssse3, sse4.1, sse4.2, popcnt, tsc, tscinvbit, avx, aes, clmul, vzeroupper, clflush

Memory: 4k page, system-wide physical 4004M (161M free)
TotalPageFile size 15957M (AvailPageFile size 29M)
current process WorkingSet (physical memory assigned to process): 565M, peak: 568M
current process commit charge ("private bytes"): 598M, peak: 600M

vm_info: OpenJDK 64-Bit Server VM (17.0.6+0-b2043.56-10027231) for windows-amd64 JRE (17.0.6+0-b2043.56-10027231), built on Apr 28 2023 00:43:19 by "androidbuild" with MS VC++ 16.10 / 16.11 (VS2019)

END.
