#
# There is insufficient memory for the Java Runtime Environment to continue.
# Native memory allocation (mmap) failed to map 272629760 bytes for G1 virtual space
# Possible reasons:
#   The system is out of physical RAM or swap space
#   The process is running with CompressedOops enabled, and the Java Heap may be blocking the growth of the native heap
# Possible solutions:
#   Reduce memory load on the system
#   Increase physical memory or swap space
#   Check if swap backing store is full
#   Decrease Java heap size (-Xmx/-Xms)
#   Decrease number of Java threads
#   Decrease Java thread stack sizes (-Xss)
#   Set larger code cache with -XX:ReservedCodeCacheSize=
#   JVM is running with Unscaled Compressed Oops mode in which the Java heap is
#     placed in the first 4GB address space. The Java Heap base address is the
#     maximum limit for the native heap growth. Please use -XX:HeapBaseMinAddress
#     to set the Java Heap base and to place the Java Heap above 4GB virtual address.
# This output file may be truncated or incomplete.
#
#  Out of Memory Error (os_windows.cpp:3769), pid=7616, tid=4540
#
# JRE version: OpenJDK Runtime Environment (17.0.6) (build 17.0.6+0-b2043.56-10027231)
# Java VM: OpenJDK 64-Bit Server VM (17.0.6+0-b2043.56-10027231, mixed mode, tiered, compressed oops, compressed class ptrs, g1 gc, windows-amd64)
# No core dump will be written. Minidumps are not enabled by default on client versions of Windows
#

---------------  S U M M A R Y ------------

Command Line: --add-opens=java.base/java.util=ALL-UNNAMED --add-opens=java.base/java.lang=ALL-UNNAMED --add-opens=java.base/java.lang.invoke=ALL-UNNAMED --add-opens=java.prefs/java.util.prefs=ALL-UNNAMED --add-opens=java.base/java.nio.charset=ALL-UNNAMED --add-opens=java.base/java.net=ALL-UNNAMED --add-opens=java.base/java.util.concurrent.atomic=ALL-UNNAMED -Xmx2048m -Dfile.encoding=UTF-8 -Duser.country=US -Duser.language=en -Duser.variant org.gradle.launcher.daemon.bootstrap.GradleDaemon 8.0

Host: Intel(R) Core(TM) i5-2450M CPU @ 2.50GHz, 4 cores, 3G,  Windows 7 , 64 bit Build 7601 (6.1.7601.17514)
Time: Tue Oct 24 23:05:00 2023 India Standard Time elapsed time: 152.572943 seconds (0d 0h 2m 32s)

---------------  T H R E A D  ---------------

Current thread (0x000000001ca2ab80):  VMThread "VM Thread" [stack: 0x000000005d560000,0x000000005d660000] [id=4540]

Stack: [0x000000005d560000,0x000000005d660000]
Native frames: (J=compiled Java code, j=interpreted, Vv=VM code, C=native code)
V  [jvm.dll+0x683c9a]
V  [jvm.dll+0x8427a4]
V  [jvm.dll+0x843f9e]
V  [jvm.dll+0x844603]
V  [jvm.dll+0x249b75]
V  [jvm.dll+0x680b69]
V  [jvm.dll+0x67505a]
V  [jvm.dll+0x309acb]
V  [jvm.dll+0x310f86]
V  [jvm.dll+0x3608ee]
V  [jvm.dll+0x360b1f]
V  [jvm.dll+0x2dfbf8]
V  [jvm.dll+0x2ddec4]
V  [jvm.dll+0x2dd4cc]
V  [jvm.dll+0x321f3b]
V  [jvm.dll+0x848ccb]
V  [jvm.dll+0x849a04]
V  [jvm.dll+0x849f1d]
V  [jvm.dll+0x84a2f4]
V  [jvm.dll+0x84a3c0]
V  [jvm.dll+0x7f274a]
V  [jvm.dll+0x682ad5]
C  [ucrtbase.DLL+0x682dd]
C  [kernel32.dll+0x1652d]
C  [ntdll.dll+0x2c521]

VM_Operation (0x0000000063373b40): G1CollectForAllocation, mode: safepoint, requested by thread 0x00000000600436a0


---------------  P R O C E S S  ---------------

Threads class SMR info:
_java_thread_list=0x00000000643a9170, length=35, elements={
0x0000000000289500, 0x000000001ca62f00, 0x000000001ca63b90, 0x000000001ca47ae0,
0x000000001ca48110, 0x000000001ca9dc40, 0x000000001caa1610, 0x000000001ca72ec0,
0x000000001ca733d0, 0x000000001ca838c0, 0x000000005e2c5b30, 0x000000005e2c6000,
0x00000000605cf060, 0x0000000060d02070, 0x000000005ec22450, 0x000000005ec93140,
0x0000000060d56f90, 0x00000000600431d0, 0x00000000600436a0, 0x0000000060cfe0a0,
0x0000000060cfea40, 0x0000000060cfef10, 0x0000000060cff3e0, 0x0000000060cffd80,
0x0000000060d00250, 0x0000000060d00720, 0x0000000060d00bf0, 0x0000000060d010c0,
0x0000000060cfe570, 0x0000000060d01590, 0x0000000060d01a60, 0x000000005e3efc80,
0x000000005e3f0150, 0x000000005e3f0620, 0x0000000060cff8b0
}

Java Threads: ( => current thread )
  0x0000000000289500 JavaThread "main" [_thread_blocked, id=17616, stack(0x00000000021a0000,0x00000000022a0000)]
  0x000000001ca62f00 JavaThread "Reference Handler" daemon [_thread_blocked, id=16752, stack(0x000000005d460000,0x000000005d560000)]
  0x000000001ca63b90 JavaThread "Finalizer" daemon [_thread_blocked, id=17628, stack(0x000000005d6d0000,0x000000005d7d0000)]
  0x000000001ca47ae0 JavaThread "Signal Dispatcher" daemon [_thread_blocked, id=6868, stack(0x000000005d950000,0x000000005da50000)]
  0x000000001ca48110 JavaThread "Attach Listener" daemon [_thread_blocked, id=17416, stack(0x000000005d850000,0x000000005d950000)]
  0x000000001ca9dc40 JavaThread "Service Thread" daemon [_thread_blocked, id=15520, stack(0x000000005db20000,0x000000005dc20000)]
  0x000000001caa1610 JavaThread "Monitor Deflation Thread" daemon [_thread_blocked, id=3840, stack(0x000000005dd90000,0x000000005de90000)]
  0x000000001ca72ec0 JavaThread "C2 CompilerThread0" daemon [_thread_blocked, id=13832, stack(0x000000005dfb0000,0x000000005e0b0000)]
  0x000000001ca733d0 JavaThread "C1 CompilerThread0" daemon [_thread_blocked, id=7628, stack(0x000000005e0f0000,0x000000005e1f0000)]
  0x000000001ca838c0 JavaThread "Sweeper thread" daemon [_thread_blocked, id=17412, stack(0x000000005deb0000,0x000000005dfb0000)]
  0x000000005e2c5b30 JavaThread "Common-Cleaner" daemon [_thread_blocked, id=17492, stack(0x000000005e710000,0x000000005e810000)]
  0x000000005e2c6000 JavaThread "Notification Thread" daemon [_thread_blocked, id=18424, stack(0x000000005e5f0000,0x000000005e6f0000)]
  0x00000000605cf060 JavaThread "Daemon health stats" [_thread_blocked, id=18132, stack(0x000000005f6d0000,0x000000005f7d0000)]
  0x0000000060d02070 JavaThread "Incoming local TCP Connector on port 60938" [_thread_in_native, id=18112, stack(0x0000000062210000,0x0000000062310000)]
  0x000000005ec22450 JavaThread "Daemon periodic checks" [_thread_blocked, id=18096, stack(0x00000000623a0000,0x00000000624a0000)]
  0x000000005ec93140 JavaThread "Daemon" [_thread_blocked, id=18208, stack(0x0000000062520000,0x0000000062620000)]
  0x0000000060d56f90 JavaThread "Handler for socket connection from /127.0.0.1:60938 to /127.0.0.1:60939" [_thread_in_native, id=18140, stack(0x00000000626f0000,0x00000000627f0000)]
  0x00000000600431d0 JavaThread "Cancel handler" [_thread_blocked, id=17980, stack(0x0000000063060000,0x0000000063160000)]
  0x00000000600436a0 JavaThread "Daemon worker" [_thread_blocked, id=18108, stack(0x0000000063280000,0x0000000063380000)]
  0x0000000060cfe0a0 JavaThread "Asynchronous log dispatcher for DefaultDaemonConnection: socket connection from /127.0.0.1:60938 to /127.0.0.1:60939" [_thread_blocked, id=18056, stack(0x00000000633b0000,0x00000000634b0000)]
  0x0000000060cfea40 JavaThread "Daemon client event forwarder" [_thread_blocked, id=18104, stack(0x0000000061fc0000,0x00000000620c0000)]
  0x0000000060cfef10 JavaThread "Cache worker for journal cache (C:\Users\DELL\.gradle\caches\journal-1)" [_thread_blocked, id=18248, stack(0x000000005f490000,0x000000005f590000)]
  0x0000000060cff3e0 JavaThread "File lock request listener" [_thread_in_native, id=18212, stack(0x0000000063570000,0x0000000063670000)]
  0x0000000060cffd80 JavaThread "Cache worker for file hash cache (C:\Users\DELL\.gradle\caches\8.0\fileHashes)" [_thread_blocked, id=18064, stack(0x0000000063820000,0x0000000063920000)]
  0x0000000060d00250 JavaThread "jar transforms" [_thread_blocked, id=10348, stack(0x0000000065520000,0x0000000065620000)]
  0x0000000060d00720 JavaThread "jar transforms Thread 2" [_thread_blocked, id=10080, stack(0x00000000656b0000,0x00000000657b0000)]
  0x0000000060d00bf0 JavaThread "jar transforms Thread 3" [_thread_blocked, id=1640, stack(0x00000000658e0000,0x00000000659e0000)]
  0x0000000060d010c0 JavaThread "jar transforms Thread 4" [_thread_blocked, id=12224, stack(0x0000000065ac0000,0x0000000065bc0000)]
  0x0000000060cfe570 JavaThread "Cache worker for checksums cache (C:\Users\DELL\AndroidStudioProjects\AudioBox2\.gradle\8.0\checksums)" [_thread_blocked, id=17044, stack(0x0000000065bc0000,0x0000000065cc0000)]
  0x0000000060d01590 JavaThread "Cache worker for cache directory md-rule (C:\Users\DELL\.gradle\caches\8.0\md-rule)" [_thread_blocked, id=17768, stack(0x0000000063160000,0x0000000063260000)]
  0x0000000060d01a60 JavaThread "Cache worker for file content cache (C:\Users\DELL\.gradle\caches\8.0\fileContent)" [_thread_blocked, id=15632, stack(0x0000000065400000,0x0000000065500000)]
  0x000000005e3efc80 JavaThread "Cache worker for file hash cache (C:\Users\DELL\AndroidStudioProjects\AudioBox2\.gradle\8.0\fileHashes)" [_thread_blocked, id=8348, stack(0x00000000657b0000,0x00000000658b0000)]
  0x000000005e3f0150 JavaThread "Cache worker for cache directory md-supplier (C:\Users\DELL\.gradle\caches\8.0\md-supplier)" [_thread_blocked, id=6636, stack(0x0000000065e90000,0x0000000065f90000)]
  0x000000005e3f0620 JavaThread "Cache worker for execution history cache (C:\Users\DELL\.gradle\caches\8.0\executionHistory)" [_thread_blocked, id=16732, stack(0x0000000065d50000,0x0000000065e50000)]
  0x0000000060cff8b0 JavaThread "Cache worker for kotlin-dsl (C:\Users\DELL\.gradle\caches\8.0\kotlin-dsl)" [_thread_blocked, id=18236, stack(0x00000000670f0000,0x00000000671f0000)]

Other Threads:
=>0x000000001ca2ab80 VMThread "VM Thread" [stack: 0x000000005d560000,0x000000005d660000] [id=4540]
  0x000000005e2c64d0 WatcherThread [stack: 0x000000005e920000,0x000000005ea20000] [id=17676]
  0x00000000002e9a10 GCTaskThread "GC Thread#0" [stack: 0x0000000019df0000,0x0000000019ef0000] [id=15976]
  0x000000005e4d0640 GCTaskThread "GC Thread#1" [stack: 0x000000005f280000,0x000000005f380000] [id=17984]
  0x000000005e4d08f0 GCTaskThread "GC Thread#2" [stack: 0x000000005f390000,0x000000005f490000] [id=18088]
  0x000000005e4d1100 GCTaskThread "GC Thread#3" [stack: 0x000000005f5c0000,0x000000005f6c0000] [id=18136]
  0x00000000002fac80 ConcurrentGCThread "G1 Main Marker" [stack: 0x0000000019f70000,0x000000001a070000] [id=11488]
  0x00000000002fdd40 ConcurrentGCThread "G1 Conc#0" [stack: 0x000000001a1f0000,0x000000001a2f0000] [id=16676]
  0x000000001a0c2820 ConcurrentGCThread "G1 Refine#0" [stack: 0x000000001c840000,0x000000001c940000] [id=16088]
  0x0000000060e05430 ConcurrentGCThread "G1 Refine#1" [stack: 0x0000000064b00000,0x0000000064c00000] [id=17212]
  0x000000006825dfa0 ConcurrentGCThread "G1 Refine#2" [stack: 0x000000006a5b0000,0x000000006a6b0000] [id=16640]
  0x000000001a0c2d60 ConcurrentGCThread "G1 Service" [stack: 0x000000001c740000,0x000000001c840000] [id=15852]

Threads with active compile tasks:

VM state: at safepoint (normal execution)

VM Mutex/Monitor currently owned by a thread:  ([mutex/lock_event])
[0x0000000000283ed0] Threads_lock - owner thread: 0x000000001ca2ab80
[0x0000000000284590] Heap_lock - owner thread: 0x00000000600436a0

Heap address: 0x0000000080000000, size: 2048 MB, Compressed Oops mode: 32-bit

CDS archive(s) not mapped
Compressed class space mapped at: 0x000000001cc00000-0x000000005cc00000, reserved size: 1073741824
Narrow klass base: 0x0000000000000000, Narrow klass shift: 0, Narrow klass range: 0x5cc00000

GC Precious Log:
 CPUs: 4 total, 4 available
 Memory: 4004M
 Large Page Support: Disabled
 NUMA Support: Disabled
 Compressed Oops: Enabled (32-bit)
 Heap Region Size: 1M
 Heap Min Capacity: 8M
 Heap Initial Capacity: 64M
 Heap Max Capacity: 2G
 Pre-touch: Disabled
 Parallel Workers: 4
 Concurrent Workers: 1
 Concurrent Refinement Workers: 4
 Periodic GC: Disabled

Heap:
 garbage-first heap   total 182272K, used 107402K [0x0000000080000000, 0x0000000100000000)
  region size 1024K, 5 young (5120K), 5 survivors (5120K)
 Metaspace       used 85627K, committed 86208K, reserved 1130496K
  class space    used 11375K, committed 11648K, reserved 1048576K

Heap Regions: E=young(eden), S=young(survivor), O=old, HS=humongous(starts), HC=humongous(continues), CS=collection set, F=free, OA=open archive, CA=closed archive, TAMS=top-at-mark-start (previous, next)
|   0|0x0000000080000000, 0x0000000080100000, 0x0000000080100000|100%| O|  |TAMS 0x0000000080100000, 0x0000000080100000| Untracked 
|   1|0x0000000080100000, 0x0000000080200000, 0x0000000080200000|100%| O|  |TAMS 0x0000000080200000, 0x0000000080200000| Untracked 
|   2|0x0000000080200000, 0x0000000080300000, 0x0000000080300000|100%|HS|  |TAMS 0x0000000080300000, 0x0000000080300000| Complete 
|   3|0x0000000080300000, 0x0000000080400000, 0x0000000080400000|100%|HC|  |TAMS 0x0000000080400000, 0x0000000080400000| Complete 
|   4|0x0000000080400000, 0x0000000080500000, 0x0000000080500000|100%|HC|  |TAMS 0x0000000080500000, 0x0000000080500000| Complete 
|   5|0x0000000080500000, 0x0000000080600000, 0x0000000080600000|100%|HC|  |TAMS 0x0000000080600000, 0x0000000080600000| Complete 
|   6|0x0000000080600000, 0x0000000080700000, 0x0000000080700000|100%| O|  |TAMS 0x0000000080700000, 0x0000000080700000| Untracked 
|   7|0x0000000080700000, 0x0000000080800000, 0x0000000080800000|100%| O|  |TAMS 0x0000000080800000, 0x0000000080800000| Untracked 
|   8|0x0000000080800000, 0x0000000080900000, 0x0000000080900000|100%| O|  |TAMS 0x0000000080900000, 0x0000000080900000| Untracked 
|   9|0x0000000080900000, 0x0000000080a00000, 0x0000000080a00000|100%| O|  |TAMS 0x0000000080a00000, 0x0000000080a00000| Untracked 
|  10|0x0000000080a00000, 0x0000000080b00000, 0x0000000080b00000|100%| O|  |TAMS 0x0000000080b00000, 0x0000000080b00000| Untracked 
|  11|0x0000000080b00000, 0x0000000080c00000, 0x0000000080c00000|100%| O|  |TAMS 0x0000000080c00000, 0x0000000080c00000| Untracked 
|  12|0x0000000080c00000, 0x0000000080d00000, 0x0000000080d00000|100%| O|  |TAMS 0x0000000080d00000, 0x0000000080d00000| Untracked 
|  13|0x0000000080d00000, 0x0000000080e00000, 0x0000000080e00000|100%| O|  |TAMS 0x0000000080e00000, 0x0000000080e00000| Untracked 
|  14|0x0000000080e00000, 0x0000000080f00000, 0x0000000080f00000|100%| O|  |TAMS 0x0000000080f00000, 0x0000000080f00000| Untracked 
|  15|0x0000000080f00000, 0x0000000081000000, 0x0000000081000000|100%| O|  |TAMS 0x0000000081000000, 0x0000000081000000| Untracked 
|  16|0x0000000081000000, 0x0000000081100000, 0x0000000081100000|100%| O|  |TAMS 0x0000000081100000, 0x0000000081100000| Untracked 
|  17|0x0000000081100000, 0x0000000081200000, 0x0000000081200000|100%| O|  |TAMS 0x0000000081200000, 0x0000000081200000| Untracked 
|  18|0x0000000081200000, 0x0000000081300000, 0x0000000081300000|100%|HS|  |TAMS 0x0000000081300000, 0x0000000081300000| Complete 
|  19|0x0000000081300000, 0x0000000081400000, 0x0000000081400000|100%|HC|  |TAMS 0x0000000081400000, 0x0000000081400000| Complete 
|  20|0x0000000081400000, 0x0000000081500000, 0x0000000081500000|100%|HS|  |TAMS 0x0000000081500000, 0x0000000081500000| Complete 
|  21|0x0000000081500000, 0x0000000081600000, 0x0000000081600000|100%|HC|  |TAMS 0x0000000081600000, 0x0000000081600000| Complete 
|  22|0x0000000081600000, 0x0000000081700000, 0x0000000081700000|100%|HC|  |TAMS 0x0000000081700000, 0x0000000081700000| Complete 
|  23|0x0000000081700000, 0x0000000081800000, 0x0000000081800000|100%|HS|  |TAMS 0x0000000081800000, 0x0000000081800000| Complete 
|  24|0x0000000081800000, 0x0000000081900000, 0x0000000081900000|100%|HC|  |TAMS 0x0000000081900000, 0x0000000081900000| Complete 
|  25|0x0000000081900000, 0x0000000081a00000, 0x0000000081a00000|100%|HC|  |TAMS 0x0000000081a00000, 0x0000000081a00000| Complete 
|  26|0x0000000081a00000, 0x0000000081b00000, 0x0000000081b00000|100%| O|  |TAMS 0x0000000081b00000, 0x0000000081b00000| Untracked 
|  27|0x0000000081b00000, 0x0000000081c00000, 0x0000000081c00000|100%| O|  |TAMS 0x0000000081c00000, 0x0000000081c00000| Untracked 
|  28|0x0000000081c00000, 0x0000000081d00000, 0x0000000081d00000|100%| O|  |TAMS 0x0000000081d00000, 0x0000000081d00000| Untracked 
|  29|0x0000000081d00000, 0x0000000081e00000, 0x0000000081e00000|100%| O|  |TAMS 0x0000000081e00000, 0x0000000081e00000| Untracked 
|  30|0x0000000081e00000, 0x0000000081f00000, 0x0000000081f00000|100%| O|  |TAMS 0x0000000081f00000, 0x0000000081f00000| Untracked 
|  31|0x0000000081f00000, 0x0000000082000000, 0x0000000082000000|100%| O|  |TAMS 0x0000000082000000, 0x0000000082000000| Untracked 
|  32|0x0000000082000000, 0x0000000082100000, 0x0000000082100000|100%|HS|  |TAMS 0x0000000082100000, 0x0000000082100000| Complete 
|  33|0x0000000082100000, 0x0000000082200000, 0x0000000082200000|100%|HC|  |TAMS 0x0000000082200000, 0x0000000082200000| Complete 
|  34|0x0000000082200000, 0x0000000082300000, 0x0000000082300000|100%| O|  |TAMS 0x0000000082300000, 0x0000000082300000| Untracked 
|  35|0x0000000082300000, 0x0000000082400000, 0x0000000082400000|100%| O|  |TAMS 0x0000000082400000, 0x0000000082400000| Untracked 
|  36|0x0000000082400000, 0x0000000082500000, 0x0000000082500000|100%| O|  |TAMS 0x0000000082500000, 0x0000000082500000| Untracked 
|  37|0x0000000082500000, 0x0000000082600000, 0x0000000082600000|100%| O|  |TAMS 0x0000000082600000, 0x0000000082600000| Untracked 
|  38|0x0000000082600000, 0x0000000082700000, 0x0000000082700000|100%|HS|  |TAMS 0x0000000082700000, 0x0000000082700000| Complete 
|  39|0x0000000082700000, 0x0000000082800000, 0x0000000082800000|100%|HC|  |TAMS 0x0000000082800000, 0x0000000082800000| Complete 
|  40|0x0000000082800000, 0x0000000082900000, 0x0000000082900000|100%|HC|  |TAMS 0x0000000082900000, 0x0000000082900000| Complete 
|  41|0x0000000082900000, 0x0000000082a00000, 0x0000000082a00000|100%|HC|  |TAMS 0x0000000082a00000, 0x0000000082a00000| Complete 
|  42|0x0000000082a00000, 0x0000000082b00000, 0x0000000082b00000|100%|HC|  |TAMS 0x0000000082b00000, 0x0000000082b00000| Complete 
|  43|0x0000000082b00000, 0x0000000082c00000, 0x0000000082c00000|100%|HC|  |TAMS 0x0000000082c00000, 0x0000000082c00000| Complete 
|  44|0x0000000082c00000, 0x0000000082d00000, 0x0000000082d00000|100%|HC|  |TAMS 0x0000000082d00000, 0x0000000082d00000| Complete 
|  45|0x0000000082d00000, 0x0000000082e00000, 0x0000000082e00000|100%|HC|  |TAMS 0x0000000082e00000, 0x0000000082e00000| Complete 
|  46|0x0000000082e00000, 0x0000000082f00000, 0x0000000082f00000|100%|HC|  |TAMS 0x0000000082f00000, 0x0000000082f00000| Complete 
|  47|0x0000000082f00000, 0x0000000083000000, 0x0000000083000000|100%|HC|  |TAMS 0x0000000083000000, 0x0000000083000000| Complete 
|  48|0x0000000083000000, 0x0000000083100000, 0x0000000083100000|100%|HC|  |TAMS 0x0000000083100000, 0x0000000083100000| Complete 
|  49|0x0000000083100000, 0x0000000083200000, 0x0000000083200000|100%|HC|  |TAMS 0x0000000083200000, 0x0000000083200000| Complete 
|  50|0x0000000083200000, 0x0000000083300000, 0x0000000083300000|100%| O|  |TAMS 0x0000000083300000, 0x0000000083300000| Untracked 
|  51|0x0000000083300000, 0x0000000083400000, 0x0000000083400000|100%| O|  |TAMS 0x0000000083400000, 0x0000000083400000| Untracked 
|  52|0x0000000083400000, 0x0000000083500000, 0x0000000083500000|100%| O|  |TAMS 0x0000000083500000, 0x0000000083500000| Untracked 
|  53|0x0000000083500000, 0x0000000083600000, 0x0000000083600000|100%|HS|  |TAMS 0x0000000083600000, 0x0000000083600000| Complete 
|  54|0x0000000083600000, 0x0000000083700000, 0x0000000083700000|100%|HC|  |TAMS 0x0000000083700000, 0x0000000083700000| Complete 
|  55|0x0000000083700000, 0x0000000083800000, 0x0000000083800000|100%|HC|  |TAMS 0x0000000083800000, 0x0000000083800000| Complete 
|  56|0x0000000083800000, 0x0000000083900000, 0x0000000083900000|100%| O|  |TAMS 0x0000000083900000, 0x0000000083900000| Untracked 
|  57|0x0000000083900000, 0x0000000083a00000, 0x0000000083a00000|100%| O|  |TAMS 0x0000000083a00000, 0x0000000083a00000| Untracked 
|  58|0x0000000083a00000, 0x0000000083b00000, 0x0000000083b00000|100%| O|  |TAMS 0x0000000083b00000, 0x0000000083b00000| Untracked 
|  59|0x0000000083b00000, 0x0000000083b00000, 0x0000000083c00000|  0%| F|  |TAMS 0x0000000083b00000, 0x0000000083b00000| Untracked 
|  60|0x0000000083c00000, 0x0000000083d00000, 0x0000000083d00000|100%| O|  |TAMS 0x0000000083d00000, 0x0000000083d00000| Untracked 
|  61|0x0000000083d00000, 0x0000000083e00000, 0x0000000083e00000|100%| O|  |TAMS 0x0000000083e00000, 0x0000000083e00000| Untracked 
|  62|0x0000000083e00000, 0x0000000083f00000, 0x0000000083f00000|100%| O|  |TAMS 0x0000000083f00000, 0x0000000083f00000| Untracked 
|  63|0x0000000083f00000, 0x0000000084000000, 0x0000000084000000|100%| O|  |TAMS 0x0000000084000000, 0x0000000084000000| Untracked 
|  64|0x0000000084000000, 0x0000000084100000, 0x0000000084100000|100%| O|  |TAMS 0x0000000084000000, 0x0000000084100000| Untracked 
|  65|0x0000000084100000, 0x0000000084200000, 0x0000000084200000|100%| O|  |TAMS 0x0000000084100000, 0x0000000084200000| Untracked 
|  66|0x0000000084200000, 0x0000000084300000, 0x0000000084300000|100%| O|  |TAMS 0x0000000084300000, 0x0000000084300000| Untracked 
|  67|0x0000000084300000, 0x0000000084400000, 0x0000000084400000|100%|HS|  |TAMS 0x0000000084400000, 0x0000000084400000| Complete 
|  68|0x0000000084400000, 0x0000000084500000, 0x0000000084500000|100%|HC|  |TAMS 0x0000000084500000, 0x0000000084500000| Complete 
|  69|0x0000000084500000, 0x0000000084600000, 0x0000000084600000|100%|HC|  |TAMS 0x0000000084600000, 0x0000000084600000| Complete 
|  70|0x0000000084600000, 0x0000000084700000, 0x0000000084700000|100%| O|  |TAMS 0x0000000084700000, 0x0000000084700000| Untracked 
|  71|0x0000000084700000, 0x0000000084800000, 0x0000000084800000|100%| O|  |TAMS 0x0000000084800000, 0x0000000084800000| Untracked 
|  72|0x0000000084800000, 0x0000000084900000, 0x0000000084900000|100%| O|  |TAMS 0x0000000084871e08, 0x0000000084900000| Untracked 
|  73|0x0000000084900000, 0x0000000084a00000, 0x0000000084a00000|100%|HS|  |TAMS 0x0000000084a00000, 0x0000000084a00000| Complete 
|  74|0x0000000084a00000, 0x0000000084b00000, 0x0000000084b00000|100%|HC|  |TAMS 0x0000000084b00000, 0x0000000084b00000| Complete 
|  75|0x0000000084b00000, 0x0000000084c00000, 0x0000000084c00000|100%|HC|  |TAMS 0x0000000084c00000, 0x0000000084c00000| Complete 
|  76|0x0000000084c00000, 0x0000000084d00000, 0x0000000084d00000|100%|HC|  |TAMS 0x0000000084d00000, 0x0000000084d00000| Complete 
|  77|0x0000000084d00000, 0x0000000084e00000, 0x0000000084e00000|100%| O|  |TAMS 0x0000000084d00000, 0x0000000084e00000| Untracked 
|  78|0x0000000084e00000, 0x0000000084f00000, 0x0000000084f00000|100%| O|  |TAMS 0x0000000084e00000, 0x0000000084f00000| Untracked 
|  79|0x0000000084f00000, 0x0000000085000000, 0x0000000085000000|100%| O|  |TAMS 0x0000000084f00000, 0x0000000085000000| Untracked 
|  80|0x0000000085000000, 0x0000000085100000, 0x0000000085100000|100%| O|  |TAMS 0x0000000085000000, 0x0000000085100000| Untracked 
|  81|0x0000000085100000, 0x0000000085200000, 0x0000000085200000|100%| O|  |TAMS 0x0000000085100000, 0x0000000085200000| Untracked 
|  82|0x0000000085200000, 0x0000000085300000, 0x0000000085300000|100%| O|  |TAMS 0x0000000085200000, 0x0000000085300000| Untracked 
|  83|0x0000000085300000, 0x0000000085400000, 0x0000000085400000|100%| O|  |TAMS 0x0000000085300000, 0x0000000085400000| Untracked 
|  84|0x0000000085400000, 0x0000000085500000, 0x0000000085500000|100%| O|  |TAMS 0x0000000085400000, 0x0000000085500000| Untracked 
|  85|0x0000000085500000, 0x0000000085600000, 0x0000000085600000|100%| O|  |TAMS 0x0000000085500000, 0x0000000085600000| Untracked 
|  86|0x0000000085600000, 0x0000000085700000, 0x0000000085700000|100%| O|  |TAMS 0x0000000085600000, 0x0000000085700000| Untracked 
|  87|0x0000000085700000, 0x0000000085800000, 0x0000000085800000|100%| O|  |TAMS 0x0000000085700000, 0x0000000085800000| Untracked 
|  88|0x0000000085800000, 0x0000000085900000, 0x0000000085900000|100%| O|  |TAMS 0x0000000085800000, 0x0000000085900000| Untracked 
|  89|0x0000000085900000, 0x0000000085a00000, 0x0000000085a00000|100%| O|  |TAMS 0x0000000085900000, 0x0000000085a00000| Untracked 
|  90|0x0000000085a00000, 0x0000000085b00000, 0x0000000085b00000|100%| O|  |TAMS 0x0000000085a00000, 0x0000000085b00000| Untracked 
|  91|0x0000000085b00000, 0x0000000085c00000, 0x0000000085c00000|100%| O|  |TAMS 0x0000000085b00000, 0x0000000085c00000| Untracked 
|  92|0x0000000085c00000, 0x0000000085d00000, 0x0000000085d00000|100%| O|  |TAMS 0x0000000085c00000, 0x0000000085d00000| Untracked 
|  93|0x0000000085d00000, 0x0000000085e00000, 0x0000000085e00000|100%| O|  |TAMS 0x0000000085d00000, 0x0000000085e00000| Untracked 
|  94|0x0000000085e00000, 0x0000000085f00000, 0x0000000085f00000|100%| O|  |TAMS 0x0000000085e00000, 0x0000000085f00000| Untracked 
|  95|0x0000000085f00000, 0x0000000086000000, 0x0000000086000000|100%|HS|  |TAMS 0x0000000085f00000, 0x0000000086000000| Complete 
|  96|0x0000000086000000, 0x0000000086100000, 0x0000000086100000|100%|HC|  |TAMS 0x0000000086000000, 0x0000000086100000| Complete 
|  97|0x0000000086100000, 0x0000000086200000, 0x0000000086200000|100%|HC|  |TAMS 0x0000000086100000, 0x0000000086200000| Complete 
|  98|0x0000000086200000, 0x0000000086300000, 0x0000000086300000|100%|HC|  |TAMS 0x0000000086200000, 0x0000000086300000| Complete 
|  99|0x0000000086300000, 0x0000000086400000, 0x0000000086400000|100%|HC|  |TAMS 0x0000000086300000, 0x0000000086400000| Complete 
| 100|0x0000000086400000, 0x0000000086500000, 0x0000000086500000|100%|HC|  |TAMS 0x0000000086400000, 0x0000000086500000| Complete 
| 101|0x0000000086500000, 0x0000000086500000, 0x0000000086600000|  0%| F|  |TAMS 0x0000000086500000, 0x0000000086500000| Untracked 
| 102|0x0000000086600000, 0x0000000086600000, 0x0000000086700000|  0%| F|  |TAMS 0x0000000086600000, 0x0000000086600000| Untracked 
| 103|0x0000000086700000, 0x0000000086700000, 0x0000000086800000|  0%| F|  |TAMS 0x0000000086700000, 0x0000000086700000| Untracked 
| 104|0x0000000086800000, 0x0000000086800000, 0x0000000086900000|  0%| F|  |TAMS 0x0000000086800000, 0x0000000086800000| Untracked 
| 105|0x0000000086900000, 0x0000000086900000, 0x0000000086a00000|  0%| F|  |TAMS 0x0000000086900000, 0x0000000086900000| Untracked 
| 106|0x0000000086a00000, 0x0000000086a00000, 0x0000000086b00000|  0%| F|  |TAMS 0x0000000086a00000, 0x0000000086a00000| Untracked 
| 107|0x0000000086b00000, 0x0000000086b00000, 0x0000000086c00000|  0%| F|  |TAMS 0x0000000086b00000, 0x0000000086b00000| Untracked 
| 108|0x0000000086c00000, 0x0000000086c00000, 0x0000000086d00000|  0%| F|  |TAMS 0x0000000086c00000, 0x0000000086c00000| Untracked 
| 109|0x0000000086d00000, 0x0000000086d00000, 0x0000000086e00000|  0%| F|  |TAMS 0x0000000086d00000, 0x0000000086d00000| Untracked 
| 110|0x0000000086e00000, 0x0000000086e00000, 0x0000000086f00000|  0%| F|  |TAMS 0x0000000086e00000, 0x0000000086e00000| Untracked 
| 111|0x0000000086f00000, 0x0000000086f00000, 0x0000000087000000|  0%| F|  |TAMS 0x0000000086f00000, 0x0000000086f00000| Untracked 
| 112|0x0000000087000000, 0x0000000087000000, 0x0000000087100000|  0%| F|  |TAMS 0x0000000087000000, 0x0000000087000000| Untracked 
| 113|0x0000000087100000, 0x0000000087100000, 0x0000000087200000|  0%| F|  |TAMS 0x0000000087100000, 0x0000000087100000| Untracked 
| 114|0x0000000087200000, 0x0000000087200000, 0x0000000087300000|  0%| F|  |TAMS 0x0000000087200000, 0x0000000087200000| Untracked 
| 115|0x0000000087300000, 0x0000000087300000, 0x0000000087400000|  0%| F|  |TAMS 0x0000000087300000, 0x0000000087300000| Untracked 
| 116|0x0000000087400000, 0x0000000087400000, 0x0000000087500000|  0%| F|  |TAMS 0x0000000087400000, 0x0000000087400000| Untracked 
| 117|0x0000000087500000, 0x0000000087500000, 0x0000000087600000|  0%| F|  |TAMS 0x0000000087500000, 0x0000000087500000| Untracked 
| 118|0x0000000087600000, 0x0000000087600000, 0x0000000087700000|  0%| F|  |TAMS 0x0000000087600000, 0x0000000087600000| Untracked 
| 119|0x0000000087700000, 0x0000000087700000, 0x0000000087800000|  0%| F|  |TAMS 0x0000000087700000, 0x0000000087700000| Untracked 
| 120|0x0000000087800000, 0x00000000878e29f8, 0x0000000087900000| 88%| S|CS|TAMS 0x0000000087800000, 0x0000000087800000| Complete 
| 121|0x0000000087900000, 0x0000000087a00000, 0x0000000087a00000|100%| S|CS|TAMS 0x0000000087900000, 0x0000000087900000| Complete 
| 122|0x0000000087a00000, 0x0000000087b00000, 0x0000000087b00000|100%| S|CS|TAMS 0x0000000087a00000, 0x0000000087a00000| Complete 
| 123|0x0000000087b00000, 0x0000000087c00000, 0x0000000087c00000|100%| S|CS|TAMS 0x0000000087b00000, 0x0000000087b00000| Complete 
| 124|0x0000000087c00000, 0x0000000087d00000, 0x0000000087d00000|100%| S|CS|TAMS 0x0000000087c00000, 0x0000000087c00000| Complete 
| 125|0x0000000087d00000, 0x0000000087d00000, 0x0000000087e00000|  0%| F|  |TAMS 0x0000000087d00000, 0x0000000087d00000| Untracked 
| 126|0x0000000087e00000, 0x0000000087e00000, 0x0000000087f00000|  0%| F|  |TAMS 0x0000000087e00000, 0x0000000087e00000| Untracked 
| 127|0x0000000087f00000, 0x0000000087f00000, 0x0000000088000000|  0%| F|  |TAMS 0x0000000087f00000, 0x0000000087f00000| Untracked 
| 128|0x0000000088000000, 0x0000000088000000, 0x0000000088100000|  0%| F|  |TAMS 0x0000000088000000, 0x0000000088000000| Untracked 
| 129|0x0000000088100000, 0x0000000088100000, 0x0000000088200000|  0%| F|  |TAMS 0x0000000088100000, 0x0000000088100000| Untracked 
| 130|0x0000000088200000, 0x0000000088200000, 0x0000000088300000|  0%| F|  |TAMS 0x0000000088200000, 0x0000000088200000| Untracked 
| 131|0x0000000088300000, 0x0000000088300000, 0x0000000088400000|  0%| F|  |TAMS 0x0000000088300000, 0x0000000088300000| Untracked 
| 132|0x0000000088400000, 0x0000000088400000, 0x0000000088500000|  0%| F|  |TAMS 0x0000000088400000, 0x0000000088400000| Untracked 
| 133|0x0000000088500000, 0x0000000088500000, 0x0000000088600000|  0%| F|  |TAMS 0x0000000088500000, 0x0000000088500000| Untracked 
| 134|0x0000000088600000, 0x0000000088600000, 0x0000000088700000|  0%| F|  |TAMS 0x0000000088600000, 0x0000000088600000| Untracked 
| 135|0x0000000088700000, 0x0000000088700000, 0x0000000088800000|  0%| F|  |TAMS 0x0000000088700000, 0x0000000088700000| Untracked 
| 136|0x0000000088800000, 0x0000000088800000, 0x0000000088900000|  0%| F|  |TAMS 0x0000000088800000, 0x0000000088800000| Untracked 
| 137|0x0000000088900000, 0x0000000088900000, 0x0000000088a00000|  0%| F|  |TAMS 0x0000000088900000, 0x0000000088900000| Untracked 
| 138|0x0000000088a00000, 0x0000000088a00000, 0x0000000088b00000|  0%| F|  |TAMS 0x0000000088a00000, 0x0000000088a00000| Untracked 
| 139|0x0000000088b00000, 0x0000000088b00000, 0x0000000088c00000|  0%| F|  |TAMS 0x0000000088b00000, 0x0000000088b00000| Untracked 
| 140|0x0000000088c00000, 0x0000000088c00000, 0x0000000088d00000|  0%| F|  |TAMS 0x0000000088c00000, 0x0000000088c00000| Untracked 
| 141|0x0000000088d00000, 0x0000000088d00000, 0x0000000088e00000|  0%| F|  |TAMS 0x0000000088d00000, 0x0000000088d00000| Untracked 
| 142|0x0000000088e00000, 0x0000000088e00000, 0x0000000088f00000|  0%| F|  |TAMS 0x0000000088e00000, 0x0000000088e00000| Untracked 
| 143|0x0000000088f00000, 0x0000000088f00000, 0x0000000089000000|  0%| F|  |TAMS 0x0000000088f00000, 0x0000000088f00000| Untracked 
| 144|0x0000000089000000, 0x0000000089000000, 0x0000000089100000|  0%| F|  |TAMS 0x0000000089000000, 0x0000000089000000| Untracked 
| 145|0x0000000089100000, 0x0000000089100000, 0x0000000089200000|  0%| F|  |TAMS 0x0000000089100000, 0x0000000089100000| Untracked 
| 146|0x0000000089200000, 0x0000000089200000, 0x0000000089300000|  0%| F|  |TAMS 0x0000000089200000, 0x0000000089200000| Untracked 
| 147|0x0000000089300000, 0x0000000089300000, 0x0000000089400000|  0%| F|  |TAMS 0x0000000089300000, 0x0000000089300000| Untracked 
| 148|0x0000000089400000, 0x0000000089400000, 0x0000000089500000|  0%| F|  |TAMS 0x0000000089400000, 0x0000000089400000| Untracked 
| 149|0x0000000089500000, 0x0000000089500000, 0x0000000089600000|  0%| F|  |TAMS 0x0000000089500000, 0x0000000089500000| Untracked 
| 150|0x0000000089600000, 0x0000000089600000, 0x0000000089700000|  0%| F|  |TAMS 0x0000000089600000, 0x0000000089600000| Untracked 
| 151|0x0000000089700000, 0x0000000089700000, 0x0000000089800000|  0%| F|  |TAMS 0x0000000089700000, 0x0000000089700000| Untracked 
| 152|0x0000000089800000, 0x0000000089800000, 0x0000000089900000|  0%| F|  |TAMS 0x0000000089800000, 0x0000000089800000| Untracked 
| 153|0x0000000089900000, 0x0000000089900000, 0x0000000089a00000|  0%| F|  |TAMS 0x0000000089900000, 0x0000000089900000| Untracked 
| 154|0x0000000089a00000, 0x0000000089a00000, 0x0000000089b00000|  0%| F|  |TAMS 0x0000000089a00000, 0x0000000089a00000| Untracked 
| 155|0x0000000089b00000, 0x0000000089b00000, 0x0000000089c00000|  0%| F|  |TAMS 0x0000000089b00000, 0x0000000089b00000| Untracked 
| 156|0x0000000089c00000, 0x0000000089c00000, 0x0000000089d00000|  0%| F|  |TAMS 0x0000000089c00000, 0x0000000089c00000| Untracked 
| 157|0x0000000089d00000, 0x0000000089d00000, 0x0000000089e00000|  0%| F|  |TAMS 0x0000000089d00000, 0x0000000089d00000| Untracked 
| 158|0x0000000089e00000, 0x0000000089e00000, 0x0000000089f00000|  0%| F|  |TAMS 0x0000000089e00000, 0x0000000089e00000| Untracked 
| 159|0x0000000089f00000, 0x0000000089f00000, 0x000000008a000000|  0%| F|  |TAMS 0x0000000089f00000, 0x0000000089f00000| Untracked 
| 160|0x000000008a000000, 0x000000008a000000, 0x000000008a100000|  0%| F|  |TAMS 0x000000008a000000, 0x000000008a000000| Untracked 
| 161|0x000000008a100000, 0x000000008a100000, 0x000000008a200000|  0%| F|  |TAMS 0x000000008a100000, 0x000000008a100000| Untracked 
| 162|0x000000008a200000, 0x000000008a200000, 0x000000008a300000|  0%| F|  |TAMS 0x000000008a200000, 0x000000008a200000| Untracked 
| 163|0x000000008a300000, 0x000000008a300000, 0x000000008a400000|  0%| F|  |TAMS 0x000000008a300000, 0x000000008a300000| Untracked 
| 164|0x000000008a400000, 0x000000008a400000, 0x000000008a500000|  0%| F|  |TAMS 0x000000008a400000, 0x000000008a400000| Untracked 
| 165|0x000000008a500000, 0x000000008a500000, 0x000000008a600000|  0%| F|  |TAMS 0x000000008a500000, 0x000000008a500000| Untracked 
| 166|0x000000008a600000, 0x000000008a600000, 0x000000008a700000|  0%| F|  |TAMS 0x000000008a600000, 0x000000008a600000| Untracked 
| 167|0x000000008a700000, 0x000000008a700000, 0x000000008a800000|  0%| F|  |TAMS 0x000000008a700000, 0x000000008a700000| Untracked 
| 168|0x000000008a800000, 0x000000008a800000, 0x000000008a900000|  0%| F|  |TAMS 0x000000008a800000, 0x000000008a800000| Untracked 
| 169|0x000000008a900000, 0x000000008a900000, 0x000000008aa00000|  0%| F|  |TAMS 0x000000008a900000, 0x000000008a900000| Untracked 
| 170|0x000000008aa00000, 0x000000008aa00000, 0x000000008ab00000|  0%| F|  |TAMS 0x000000008aa00000, 0x000000008aa00000| Untracked 
| 171|0x000000008ab00000, 0x000000008ab00000, 0x000000008ac00000|  0%| F|  |TAMS 0x000000008ab00000, 0x000000008ab00000| Untracked 
| 172|0x000000008ac00000, 0x000000008ac00000, 0x000000008ad00000|  0%| F|  |TAMS 0x000000008ac00000, 0x000000008ac00000| Untracked 
| 173|0x000000008ad00000, 0x000000008ad00000, 0x000000008ae00000|  0%| F|  |TAMS 0x000000008ad00000, 0x000000008ad00000| Untracked 
| 174|0x000000008ae00000, 0x000000008ae00000, 0x000000008af00000|  0%| F|  |TAMS 0x000000008ae00000, 0x000000008ae00000| Untracked 
| 175|0x000000008af00000, 0x000000008af00000, 0x000000008b000000|  0%| F|  |TAMS 0x000000008af00000, 0x000000008af00000| Untracked 
| 176|0x000000008b000000, 0x000000008b000000, 0x000000008b100000|  0%| F|  |TAMS 0x000000008b000000, 0x000000008b000000| Untracked 
| 177|0x000000008b100000, 0x000000008b100000, 0x000000008b200000|  0%| F|  |TAMS 0x000000008b100000, 0x000000008b100000| Untracked 

Card table byte_map: [0x0000000015530000,0x0000000015930000] _byte_map_base: 0x0000000015130000

Marking Bits (Prev, Next): (CMBitMap*) 0x00000000002e9f70, (CMBitMap*) 0x00000000002e9f30
 Prev Bits: [0x0000000017d30000, 0x0000000019d30000)
 Next Bits: [0x0000000015d30000, 0x0000000017d30000)

Polling page: 0x0000000000430000

Metaspace:

Usage:
  Non-class:     72.51 MB used.
      Class:     11.11 MB used.
       Both:     83.62 MB used.

Virtual space:
  Non-class space:       80.00 MB reserved,      72.81 MB ( 91%) committed,  10 nodes.
      Class space:        1.00 GB reserved,      11.38 MB (  1%) committed,  1 nodes.
             Both:        1.08 GB reserved,      84.19 MB (  8%) committed. 

Chunk freelists:
   Non-Class:  3.19 MB
       Class:  464.00 KB
        Both:  3.64 MB

MaxMetaspaceSize: unlimited
CompressedClassSpaceSize: 1.00 GB
Initial GC threshold: 21.00 MB
Current GC threshold: 122.75 MB
CDS: off
MetaspaceReclaimPolicy: balanced
 - commit_granule_bytes: 65536.
 - commit_granule_words: 8192.
 - virtual_space_node_default_size: 1048576.
 - enlarge_chunks_in_place: 1.
 - new_chunks_are_fully_committed: 0.
 - uncommit_free_chunks: 1.
 - use_allocation_guard: 0.
 - handle_deallocations: 1.


Internal statistics:

num_allocs_failed_limit: 3.
num_arena_births: 712.
num_arena_deaths: 2.
num_vsnodes_births: 11.
num_vsnodes_deaths: 0.
num_space_committed: 1346.
num_space_uncommitted: 0.
num_chunks_returned_to_freelist: 7.
num_chunks_taken_from_freelist: 3490.
num_chunk_merges: 3.
num_chunk_splits: 2571.
num_chunks_enlarged: 2025.
num_purges: 2.
num_inconsistent_stats: 0.

CodeHeap 'non-profiled nmethods': size=120000Kb used=4711Kb max_used=4884Kb free=115288Kb
 bounds [0x000000000d5e0000, 0x000000000dab0000, 0x0000000014b10000]
CodeHeap 'profiled nmethods': size=120000Kb used=12083Kb max_used=12131Kb free=107916Kb
 bounds [0x0000000005b10000, 0x0000000006710000, 0x000000000d040000]
CodeHeap 'non-nmethods': size=5760Kb used=2375Kb max_used=2409Kb free=3384Kb
 bounds [0x000000000d040000, 0x000000000d2b0000, 0x000000000d5e0000]
 total_blobs=7516 nmethods=6607 adapters=821
 compilation: enabled
              stopped_count=0, restarted_count=0
 full_count=0

Compilation events (20 events):
Event: 150.637 Thread 0x000000001ca733d0 8196       3       org.jetbrains.kotlin.serialization.deserialization.ClassDeserializer$ClassKey::hashCode (8 bytes)
Event: 150.637 Thread 0x000000001ca733d0 nmethod 8196 0x0000000005ca3a90 code [0x0000000005ca3c40, 0x0000000005ca3d88]
Event: 150.637 Thread 0x000000001ca733d0 8198       3       org.jetbrains.kotlin.name.FqName::parent (70 bytes)
Event: 150.638 Thread 0x000000001ca733d0 nmethod 8198 0x0000000005ca2e90 code [0x0000000005ca30c0, 0x0000000005ca37f8]
Event: 150.638 Thread 0x000000001ca733d0 8197       1       org.jetbrains.kotlin.metadata.ProtoBuf$Class::getVersionRequirementTable (5 bytes)
Event: 150.638 Thread 0x000000001ca733d0 nmethod 8197 0x000000000d841b10 code [0x000000000d841ca0, 0x000000000d841d78]
Event: 150.638 Thread 0x000000001ca733d0 8199       3       org.jetbrains.kotlin.name.Name::asString (13 bytes)
Event: 150.639 Thread 0x000000001ca733d0 nmethod 8199 0x0000000005ca2a90 code [0x0000000005ca2c40, 0x0000000005ca2dc8]
Event: 150.639 Thread 0x000000001ca733d0 8200       1       org.jetbrains.kotlin.serialization.deserialization.descriptors.DeserializedClassDescriptor::getContainingDeclaration (5 bytes)
Event: 150.639 Thread 0x000000001ca733d0 nmethod 8200 0x000000000d841810 code [0x000000000d8419a0, 0x000000000d841a78]
Event: 150.639 Thread 0x000000001ca733d0 8201       1       org.jetbrains.kotlin.metadata.ProtoBuf$Modality::getNumber (5 bytes)
Event: 150.639 Thread 0x000000001ca733d0 nmethod 8201 0x000000000d841510 code [0x000000000d8416a0, 0x000000000d841778]
Event: 150.639 Thread 0x000000001ca72ec0 8195       4       java.lang.StringBuilder::append (6 bytes)
Event: 150.643 Thread 0x000000001ca733d0 8202       3       org.jetbrains.kotlin.storage.LockBasedStorageManager::createMemoizedFunctionWithNullableValues (29 bytes)
Event: 150.645 Thread 0x000000001ca733d0 nmethod 8202 0x0000000005ca2510 code [0x0000000005ca26e0, 0x0000000005ca2968]
Event: 150.645 Thread 0x000000001ca733d0 8203       3       org.jetbrains.kotlin.storage.LockBasedStorageManager::createNullableLazyValue (19 bytes)
Event: 150.646 Thread 0x000000001ca733d0 nmethod 8203 0x0000000005ca2010 code [0x0000000005ca21c0, 0x0000000005ca23d8]
Event: 150.659 Thread 0x000000001ca72ec0 nmethod 8195 0x000000000d840810 code [0x000000000d8409c0, 0x000000000d841028]
Event: 150.713 Thread 0x000000001ca733d0 8204       3       org.jetbrains.kotlin.container.SingletonDescriptor::getValue (109 bytes)
Event: 150.717 Thread 0x000000001ca733d0 nmethod 8204 0x0000000005bf2d10 code [0x0000000005bf30c0, 0x0000000005bf45d8]

GC Heap History (20 events):
Event: 112.647 GC heap after
{Heap after GC invocations=57 (full 0):
 garbage-first heap   total 147456K, used 68514K [0x0000000080000000, 0x0000000100000000)
  region size 1024K, 4 young (4096K), 4 survivors (4096K)
 Metaspace       used 46936K, committed 47360K, reserved 1097728K
  class space    used 6169K, committed 6336K, reserved 1048576K
}
Event: 112.657 GC heap before
{Heap before GC invocations=57 (full 0):
 garbage-first heap   total 147456K, used 70562K [0x0000000080000000, 0x0000000100000000)
  region size 1024K, 7 young (7168K), 4 survivors (4096K)
 Metaspace       used 46936K, committed 47360K, reserved 1097728K
  class space    used 6169K, committed 6336K, reserved 1048576K
}
Event: 112.662 GC heap after
{Heap after GC invocations=58 (full 0):
 garbage-first heap   total 182272K, used 68004K [0x0000000080000000, 0x0000000100000000)
  region size 1024K, 1 young (1024K), 1 survivors (1024K)
 Metaspace       used 46936K, committed 47360K, reserved 1097728K
  class space    used 6169K, committed 6336K, reserved 1048576K
}
Event: 116.232 GC heap before
{Heap before GC invocations=58 (full 0):
 garbage-first heap   total 182272K, used 151972K [0x0000000080000000, 0x0000000100000000)
  region size 1024K, 81 young (82944K), 1 survivors (1024K)
 Metaspace       used 52235K, committed 52672K, reserved 1097728K
  class space    used 6921K, committed 7104K, reserved 1048576K
}
Event: 116.270 GC heap after
{Heap after GC invocations=59 (full 0):
 garbage-first heap   total 182272K, used 71634K [0x0000000080000000, 0x0000000100000000)
  region size 1024K, 5 young (5120K), 5 survivors (5120K)
 Metaspace       used 52235K, committed 52672K, reserved 1097728K
  class space    used 6921K, committed 7104K, reserved 1048576K
}
Event: 117.219 GC heap before
{Heap before GC invocations=59 (full 0):
 garbage-first heap   total 182272K, used 150482K [0x0000000080000000, 0x0000000100000000)
  region size 1024K, 83 young (84992K), 5 survivors (5120K)
 Metaspace       used 52236K, committed 52672K, reserved 1097728K
  class space    used 6921K, committed 7104K, reserved 1048576K
}
Event: 117.237 GC heap after
{Heap after GC invocations=60 (full 0):
 garbage-first heap   total 182272K, used 72039K [0x0000000080000000, 0x0000000100000000)
  region size 1024K, 5 young (5120K), 5 survivors (5120K)
 Metaspace       used 52236K, committed 52672K, reserved 1097728K
  class space    used 6921K, committed 7104K, reserved 1048576K
}
Event: 118.639 GC heap before
{Heap before GC invocations=60 (full 0):
 garbage-first heap   total 182272K, used 157031K [0x0000000080000000, 0x0000000100000000)
  region size 1024K, 86 young (88064K), 5 survivors (5120K)
 Metaspace       used 52327K, committed 52736K, reserved 1097728K
  class space    used 6921K, committed 7104K, reserved 1048576K
}
Event: 118.655 GC heap after
{Heap after GC invocations=61 (full 0):
 garbage-first heap   total 182272K, used 76588K [0x0000000080000000, 0x0000000100000000)
  region size 1024K, 6 young (6144K), 6 survivors (6144K)
 Metaspace       used 52327K, committed 52736K, reserved 1097728K
  class space    used 6921K, committed 7104K, reserved 1048576K
}
Event: 123.894 GC heap before
{Heap before GC invocations=61 (full 0):
 garbage-first heap   total 182272K, used 155436K [0x0000000080000000, 0x0000000100000000)
  region size 1024K, 83 young (84992K), 6 survivors (6144K)
 Metaspace       used 55618K, committed 56192K, reserved 1105920K
  class space    used 7252K, committed 7488K, reserved 1048576K
}
Event: 123.919 GC heap after
{Heap after GC invocations=62 (full 0):
 garbage-first heap   total 182272K, used 79715K [0x0000000080000000, 0x0000000100000000)
  region size 1024K, 9 young (9216K), 9 survivors (9216K)
 Metaspace       used 55618K, committed 56192K, reserved 1105920K
  class space    used 7252K, committed 7488K, reserved 1048576K
}
Event: 128.655 GC heap before
{Heap before GC invocations=62 (full 0):
 garbage-first heap   total 182272K, used 154467K [0x0000000080000000, 0x0000000100000000)
  region size 1024K, 82 young (83968K), 9 survivors (9216K)
 Metaspace       used 65825K, committed 66432K, reserved 1114112K
  class space    used 9124K, committed 9344K, reserved 1048576K
}
Event: 128.685 GC heap after
{Heap after GC invocations=63 (full 0):
 garbage-first heap   total 182272K, used 83399K [0x0000000080000000, 0x0000000100000000)
  region size 1024K, 9 young (9216K), 9 survivors (9216K)
 Metaspace       used 65825K, committed 66432K, reserved 1114112K
  class space    used 9124K, committed 9344K, reserved 1048576K
}
Event: 142.762 GC heap before
{Heap before GC invocations=63 (full 0):
 garbage-first heap   total 182272K, used 141767K [0x0000000080000000, 0x0000000100000000)
  region size 1024K, 63 young (64512K), 9 survivors (9216K)
 Metaspace       used 74765K, committed 75328K, reserved 1114112K
  class space    used 10242K, committed 10496K, reserved 1048576K
}
Event: 142.790 GC heap after
{Heap after GC invocations=64 (full 0):
 garbage-first heap   total 182272K, used 88674K [0x0000000080000000, 0x0000000100000000)
  region size 1024K, 5 young (5120K), 5 survivors (5120K)
 Metaspace       used 74765K, committed 75328K, reserved 1114112K
  class space    used 10242K, committed 10496K, reserved 1048576K
}
Event: 146.013 GC heap before
{Heap before GC invocations=65 (full 0):
 garbage-first heap   total 182272K, used 159330K [0x0000000080000000, 0x0000000100000000)
  region size 1024K, 70 young (71680K), 5 survivors (5120K)
 Metaspace       used 78921K, committed 79552K, reserved 1122304K
  class space    used 10736K, committed 11008K, reserved 1048576K
}
Event: 146.063 GC heap after
{Heap after GC invocations=66 (full 0):
 garbage-first heap   total 182272K, used 97089K [0x0000000080000000, 0x0000000100000000)
  region size 1024K, 9 young (9216K), 9 survivors (9216K)
 Metaspace       used 78921K, committed 79552K, reserved 1122304K
  class space    used 10736K, committed 11008K, reserved 1048576K
}
Event: 146.095 GC heap before
{Heap before GC invocations=66 (full 0):
 garbage-first heap   total 182272K, used 98113K [0x0000000080000000, 0x0000000100000000)
  region size 1024K, 10 young (10240K), 9 survivors (9216K)
 Metaspace       used 78947K, committed 79616K, reserved 1122304K
  class space    used 10736K, committed 11008K, reserved 1048576K
}
Event: 146.119 GC heap after
{Heap after GC invocations=67 (full 0):
 garbage-first heap   total 182272K, used 97033K [0x0000000080000000, 0x0000000100000000)
  region size 1024K, 1 young (1024K), 1 survivors (1024K)
 Metaspace       used 78947K, committed 79616K, reserved 1122304K
  class space    used 10736K, committed 11008K, reserved 1048576K
}
Event: 150.971 GC heap before
{Heap before GC invocations=67 (full 0):
 garbage-first heap   total 182272K, used 156425K [0x0000000080000000, 0x0000000100000000)
  region size 1024K, 53 young (54272K), 1 survivors (1024K)
 Metaspace       used 85627K, committed 86208K, reserved 1130496K
  class space    used 11375K, committed 11648K, reserved 1048576K
}

Dll operation events (2 events):
Event: 0.235 Loaded shared library C:\Program Files\Android\Android Studio2\jbr\bin\java.dll
Event: 1.446 Loaded shared library C:\Program Files\Android\Android Studio2\jbr\bin\verify.dll

Deoptimization events (20 events):
Event: 149.411 Thread 0x00000000600436a0 Uncommon trap: trap_request=0xffffffd6 fr.pc=0x000000000d84ce6c relative=0x000000000000034c
Event: 149.411 Thread 0x00000000600436a0 Uncommon trap: reason=array_check action=maybe_recompile pc=0x000000000d84ce6c method=java.util.LinkedHashMap.valuesToArray([Ljava/lang/Object;)[Ljava/lang/Object; @ 25 c2
Event: 149.411 Thread 0x00000000600436a0 DEOPT PACKING pc=0x000000000d84ce6c sp=0x0000000063374bc0
Event: 149.411 Thread 0x00000000600436a0 DEOPT UNPACKING pc=0x000000000d0969a3 sp=0x0000000063374b68 mode 2
Event: 149.415 Thread 0x00000000600436a0 Uncommon trap: trap_request=0xffffffd6 fr.pc=0x000000000d84ce6c relative=0x000000000000034c
Event: 149.415 Thread 0x00000000600436a0 Uncommon trap: reason=array_check action=maybe_recompile pc=0x000000000d84ce6c method=java.util.LinkedHashMap.valuesToArray([Ljava/lang/Object;)[Ljava/lang/Object; @ 25 c2
Event: 149.415 Thread 0x00000000600436a0 DEOPT PACKING pc=0x000000000d84ce6c sp=0x0000000063374b00
Event: 149.415 Thread 0x00000000600436a0 DEOPT UNPACKING pc=0x000000000d0969a3 sp=0x0000000063374aa8 mode 2
Event: 149.736 Thread 0x00000000600436a0 Uncommon trap: trap_request=0xffffffde fr.pc=0x000000000d856838 relative=0x0000000000000bb8
Event: 149.736 Thread 0x00000000600436a0 Uncommon trap: reason=class_check action=maybe_recompile pc=0x000000000d856838 method=java.util.HashMap.computeIfAbsent(Ljava/lang/Object;Ljava/util/function/Function;)Ljava/lang/Object; @ 142 c2
Event: 149.736 Thread 0x00000000600436a0 DEOPT PACKING pc=0x000000000d856838 sp=0x00000000633755e0
Event: 149.736 Thread 0x00000000600436a0 DEOPT UNPACKING pc=0x000000000d0969a3 sp=0x0000000063375580 mode 2
Event: 149.912 Thread 0x00000000600436a0 Uncommon trap: trap_request=0xffffff76 fr.pc=0x000000000d854930 relative=0x0000000000000190
Event: 149.912 Thread 0x00000000600436a0 Uncommon trap: reason=predicate action=maybe_recompile pc=0x000000000d854930 method=java.util.LinkedHashMap.keysToArray([Ljava/lang/Object;)[Ljava/lang/Object; @ 12 c2
Event: 149.912 Thread 0x00000000600436a0 DEOPT PACKING pc=0x000000000d854930 sp=0x00000000633732a0
Event: 149.912 Thread 0x00000000600436a0 DEOPT UNPACKING pc=0x000000000d0969a3 sp=0x0000000063373258 mode 2
Event: 150.482 Thread 0x00000000600436a0 Uncommon trap: trap_request=0xffffff45 fr.pc=0x000000000d5f7640 relative=0x0000000000000320
Event: 150.482 Thread 0x00000000600436a0 Uncommon trap: reason=unstable_if action=reinterpret pc=0x000000000d5f7640 method=java.lang.String.indexOf([BBILjava/lang/String;I)I @ 54 c2
Event: 150.482 Thread 0x00000000600436a0 DEOPT PACKING pc=0x000000000d5f7640 sp=0x0000000063373920
Event: 150.482 Thread 0x00000000600436a0 DEOPT UNPACKING pc=0x000000000d0969a3 sp=0x0000000063373830 mode 2

Classes unloaded (2 events):
Event: 142.940 Thread 0x000000001ca2ab80 Unloading class 0x000000001d2e8000 '_BuildScript_$_run_closure1'
Event: 142.960 Thread 0x000000001ca2ab80 Unloading class 0x000000001d2e4000 '_BuildScript_'

Classes redefined (0 events):
No events

Internal exceptions (20 events):
Event: 123.759 Thread 0x00000000600436a0 Exception <a 'java/lang/NoSuchMethodError'{0x000000008655da38}: 'java.lang.Object java.lang.invoke.DirectMethodHandle$Holder.invokeStatic(java.lang.Object, java.lang.Object, java.lang.Object, java.lang.Object, java.lang.Object, java.lang.Object, java.lang.Object, java.lang.Object, java.lang.Object, java.lang.Object, java.lang.Object, java.lang.Object, java.lang.Object, java.lang.Object, java.lang.Object, java.lang.Object, java.lang.Object, java.lang.Object, java.lang.Object, java.lang.Object, java.lang.Obj
Event: 123.764 Thread 0x00000000600436a0 Exception <a 'java/lang/NoSuchMethodError'{0x000000008658c2d0}: 'java.lang.Object java.lang.invoke.DirectMethodHandle$Holder.invokeStatic(java.lang.Object, java.lang.Object, java.lang.Object, java.lang.Object, java.lang.Object, java.lang.Object, java.lang.Object, java.lang.Object, java.lang.Object, java.lang.Object, java.lang.Object, java.lang.Object, java.lang.Object, java.lang.Object, java.lang.Object, java.lang.Object, java.lang.Object, java.lang.Object, java.lang.Object, java.lang.Object, java.lang.Obj
Event: 124.503 Thread 0x00000000600436a0 Exception <a 'java/lang/IncompatibleClassChangeError'{0x000000008a7e4448}: Found class java.lang.Object, but interface was expected> (0x000000008a7e4448) 
thrown [s\src\hotspot\share\interpreter\linkResolver.cpp, line 838]
Event: 124.829 Thread 0x00000000600436a0 Exception <a 'java/lang/IncompatibleClassChangeError'{0x000000008a43f9b0}: Found class java.lang.Object, but interface was expected> (0x000000008a43f9b0) 
thrown [s\src\hotspot\share\interpreter\linkResolver.cpp, line 838]
Event: 124.925 Thread 0x00000000600436a0 Exception <a 'java/lang/NoSuchMethodError'{0x000000008a3a2c30}: 'int java.lang.invoke.DirectMethodHandle$Holder.invokeStaticInit(java.lang.Object, java.lang.Object, java.lang.Object, java.lang.Object, java.lang.Object)'> (0x000000008a3a2c30) 
thrown [s\src\hotspot\share\interpreter\linkResolver.cpp, line 771]
Event: 125.286 Thread 0x00000000600436a0 Exception <a 'java/lang/NoSuchMethodError'{0x000000008a03ee80}: 'java.lang.Object java.lang.invoke.DirectMethodHandle$Holder.invokeStaticInit(java.lang.Object, int)'> (0x000000008a03ee80) 
thrown [s\src\hotspot\share\interpreter\linkResolver.cpp, line 771]
Event: 125.349 Thread 0x00000000600436a0 Exception <a 'java/lang/NoSuchMethodError'{0x0000000089f61c80}: 'int java.lang.invoke.DelegatingMethodHandle$Holder.reinvoke_L(java.lang.Object, java.lang.Object, java.lang.Object, long, int, int)'> (0x0000000089f61c80) 
thrown [s\src\hotspot\share\interpreter\linkResolver.cpp, line 771]
Event: 125.353 Thread 0x00000000600436a0 Exception <a 'java/lang/NoSuchMethodError'{0x0000000089f71850}: 'int java.lang.invoke.DelegatingMethodHandle$Holder.reinvoke_L(java.lang.Object, java.lang.Object, java.lang.Object, long, long, long)'> (0x0000000089f71850) 
thrown [s\src\hotspot\share\interpreter\linkResolver.cpp, line 771]
Event: 125.356 Thread 0x00000000600436a0 Exception <a 'java/lang/NoSuchMethodError'{0x0000000089f81728}: 'int java.lang.invoke.DelegatingMethodHandle$Holder.reinvoke_L(java.lang.Object, java.lang.Object, java.lang.Object, long, java.lang.Object, java.lang.Object)'> (0x0000000089f81728) 
thrown [s\src\hotspot\share\interpreter\linkResolver.cpp, line 771]
Event: 125.359 Thread 0x00000000600436a0 Exception <a 'java/lang/NoSuchMethodError'{0x0000000089f921e8}: 'void java.lang.invoke.DelegatingMethodHandle$Holder.reinvoke_L(java.lang.Object, java.lang.Object, java.lang.Object, long, java.lang.Object)'> (0x0000000089f921e8) 
thrown [s\src\hotspot\share\interpreter\linkResolver.cpp, line 771]
Event: 125.361 Thread 0x00000000600436a0 Exception <a 'java/lang/NoSuchMethodError'{0x0000000089f9a870}: 'java.lang.Object java.lang.invoke.DirectMethodHandle$Holder.invokeSpecial(java.lang.Object, java.lang.Object, java.lang.Object, java.lang.Object, long)'> (0x0000000089f9a870) 
thrown [s\src\hotspot\share\interpreter\linkResolver.cpp, line 771]
Event: 125.367 Thread 0x00000000600436a0 Exception <a 'java/lang/NoSuchMethodError'{0x0000000089fbf2e8}: 'long java.lang.invoke.Invokers$Holder.invoke_MT(java.lang.Object, java.lang.Object, java.lang.Object, java.lang.Object)'> (0x0000000089fbf2e8) 
thrown [s\src\hotspot\share\interpreter\linkResolver.cpp, line 771]
Event: 125.370 Thread 0x00000000600436a0 Exception <a 'java/lang/NoSuchMethodError'{0x0000000089fc83e8}: 'int java.lang.invoke.Invokers$Holder.invoke_MT(java.lang.Object, java.lang.Object, java.lang.Object, java.lang.Object)'> (0x0000000089fc83e8) 
thrown [s\src\hotspot\share\interpreter\linkResolver.cpp, line 771]
Event: 125.374 Thread 0x00000000600436a0 Exception <a 'java/lang/NoSuchMethodError'{0x0000000089fd9430}: 'int java.lang.invoke.DelegatingMethodHandle$Holder.reinvoke_L(java.lang.Object, java.lang.Object, java.lang.Object, long, int)'> (0x0000000089fd9430) 
thrown [s\src\hotspot\share\interpreter\linkResolver.cpp, line 771]
Event: 125.378 Thread 0x00000000600436a0 Exception <a 'java/lang/NoSuchMethodError'{0x0000000089fec838}: 'java.lang.Object java.lang.invoke.Invokers$Holder.invokeExact_MT(java.lang.Object, java.lang.Object, long, java.lang.Object)'> (0x0000000089fec838) 
thrown [s\src\hotspot\share\interpreter\linkResolver.cpp, line 771]
Event: 129.143 Thread 0x00000000600436a0 Exception <a 'java/lang/NoSuchMethodError'{0x000000008ac92270}: 'long java.lang.invoke.DirectMethodHandle$Holder.invokeStatic(java.lang.Object)'> (0x000000008ac92270) 
thrown [s\src\hotspot\share\interpreter\linkResolver.cpp, line 771]
Event: 129.143 Thread 0x00000000600436a0 Exception <a 'java/lang/NoSuchMethodError'{0x000000008ac96e58}: 'long java.lang.invoke.DirectMethodHandle$Holder.invokeStaticInit(java.lang.Object)'> (0x000000008ac96e58) 
thrown [s\src\hotspot\share\interpreter\linkResolver.cpp, line 771]
Event: 130.622 Thread 0x00000000600436a0 Implicit null exception at 0x000000000d7c628c to 0x000000000d7c63c2
Event: 142.647 Thread 0x00000000600436a0 Exception <a 'java/lang/NoSuchMethodError'{0x0000000087d5b938}: 'java.lang.Object java.lang.invoke.Invokers$Holder.invoke_MT(java.lang.Object, java.lang.Object, java.lang.Object)'> (0x0000000087d5b938) 
thrown [s\src\hotspot\share\interpreter\linkResolver.cpp, line 771]
Event: 143.520 Thread 0x00000000600436a0 Implicit null exception at 0x000000000d74e2ad to 0x000000000d74f078

VM Operations (20 events):
Event: 142.752 Executing VM operation: HandshakeAllThreads done
Event: 142.762 Executing VM operation: G1TryInitiateConcMark
Event: 142.790 Executing VM operation: G1TryInitiateConcMark done
Event: 142.939 Executing VM operation: G1Concurrent
Event: 143.065 Executing VM operation: G1Concurrent done
Event: 143.187 Executing VM operation: G1Concurrent
Event: 143.225 Executing VM operation: G1Concurrent done
Event: 144.259 Executing VM operation: Cleanup
Event: 144.270 Executing VM operation: Cleanup done
Event: 146.013 Executing VM operation: G1CollectForAllocation
Event: 146.063 Executing VM operation: G1CollectForAllocation done
Event: 146.094 Executing VM operation: G1CollectForAllocation
Event: 146.120 Executing VM operation: G1CollectForAllocation done
Event: 148.119 Executing VM operation: Cleanup
Event: 148.121 Executing VM operation: Cleanup done
Event: 149.122 Executing VM operation: Cleanup
Event: 149.128 Executing VM operation: Cleanup done
Event: 150.128 Executing VM operation: Cleanup
Event: 150.128 Executing VM operation: Cleanup done
Event: 150.971 Executing VM operation: G1CollectForAllocation

Events (20 events):
Event: 142.646 loading class jdk/internal/misc/ExtendedMapMode
Event: 142.646 loading class jdk/internal/misc/ExtendedMapMode done
Event: 142.648 loading class sun/nio/ch/FileChannelImpl$DefaultUnmapper
Event: 142.648 loading class sun/nio/ch/FileChannelImpl$Unmapper
Event: 142.648 loading class jdk/internal/access/foreign/UnmapperProxy
Event: 142.648 loading class jdk/internal/access/foreign/UnmapperProxy done
Event: 142.648 loading class sun/nio/ch/FileChannelImpl$Unmapper done
Event: 142.648 loading class sun/nio/ch/FileChannelImpl$DefaultUnmapper done
Event: 142.648 loading class sun/nio/ch/Util$4
Event: 142.648 loading class sun/nio/ch/Util$4 done
Event: 142.661 loading class java/io/UTFDataFormatException
Event: 142.661 loading class java/io/UTFDataFormatException done
Event: 142.750 loading class java/nio/file/attribute/DosFileAttributeView
Event: 142.751 loading class java/nio/file/attribute/DosFileAttributeView done
Event: 142.751 loading class sun/nio/fs/WindowsFileAttributeViews$Dos
Event: 142.751 loading class sun/nio/fs/WindowsFileAttributeViews$Dos done
Event: 143.669 loading class java/nio/channels/Channels$ReadableByteChannelImpl
Event: 143.669 loading class java/nio/channels/Channels$ReadableByteChannelImpl done
Event: 143.669 loading class java/nio/channels/NonWritableChannelException
Event: 143.669 loading class java/nio/channels/NonWritableChannelException done


Dynamic libraries:
0x000000013f880000 - 0x000000013f88a000 	C:\Program Files\Android\Android Studio2\jbr\bin\java.exe
0x0000000077110000 - 0x00000000772b9000 	C:\Windows\SYSTEM32\ntdll.dll
0x0000000076ff0000 - 0x000000007710f000 	C:\Windows\system32\kernel32.dll
0x000007fefd380000 - 0x000007fefd3eb000 	C:\Windows\system32\KERNELBASE.dll
0x000007feeb1f0000 - 0x000007feeb207000 	C:\Program Files\Android\Android Studio2\jbr\bin\jli.dll
0x000007fefbad0000 - 0x000007fefbcc4000 	C:\Windows\WinSxS\amd64_microsoft.windows.common-controls_6595b64144ccf1df_6.0.7601.17514_none_fa396087175ac9ac\COMCTL32.dll
0x000007fefd8d0000 - 0x000007fefd96f000 	C:\Windows\system32\msvcrt.dll
0x000007fefd860000 - 0x000007fefd8c7000 	C:\Windows\system32\GDI32.dll
0x0000000076ef0000 - 0x0000000076fea000 	C:\Windows\system32\USER32.dll
0x000007fefd970000 - 0x000007fefd97e000 	C:\Windows\system32\LPK.dll
0x000007fefdab0000 - 0x000007fefdb79000 	C:\Windows\system32\USP10.dll
0x000007fefdb80000 - 0x000007fefdbf1000 	C:\Windows\system32\SHLWAPI.dll
0x000007fef18f0000 - 0x000007fef190b000 	C:\Program Files\Android\Android Studio2\jbr\bin\VCRUNTIME140.dll
0x000007feeb590000 - 0x000007feeb594000 	C:\Program Files\Android\Android Studio2\jbr\bin\api-ms-win-crt-runtime-l1-1-0.dll
0x000007fee6630000 - 0x000007fee6722000 	C:\Program Files\Android\Android Studio2\jbr\bin\ucrtbase.DLL
0x000007fee8760000 - 0x000007fee8763000 	C:\Program Files\Android\Android Studio2\jbr\bin\api-ms-win-core-timezone-l1-1-0.dll
0x000007fee8750000 - 0x000007fee8753000 	C:\Program Files\Android\Android Studio2\jbr\bin\api-ms-win-core-file-l2-1-0.dll
0x000007fee8370000 - 0x000007fee8373000 	C:\Program Files\Android\Android Studio2\jbr\bin\api-ms-win-core-localization-l1-2-0.dll
0x000007fee7bc0000 - 0x000007fee7bc3000 	C:\Program Files\Android\Android Studio2\jbr\bin\api-ms-win-core-synch-l1-2-0.dll
0x000007fee7bb0000 - 0x000007fee7bb3000 	C:\Program Files\Android\Android Studio2\jbr\bin\api-ms-win-core-processthreads-l1-1-1.dll
0x000007fee7b80000 - 0x000007fee7b83000 	C:\Program Files\Android\Android Studio2\jbr\bin\api-ms-win-core-file-l1-2-0.dll
0x000007fee7b70000 - 0x000007fee7b73000 	C:\Program Files\Android\Android Studio2\jbr\bin\api-ms-win-crt-heap-l1-1-0.dll
0x000007fee7b60000 - 0x000007fee7b64000 	C:\Program Files\Android\Android Studio2\jbr\bin\api-ms-win-crt-string-l1-1-0.dll
0x000007fee7b50000 - 0x000007fee7b54000 	C:\Program Files\Android\Android Studio2\jbr\bin\api-ms-win-crt-stdio-l1-1-0.dll
0x000007fee7450000 - 0x000007fee7454000 	C:\Program Files\Android\Android Studio2\jbr\bin\api-ms-win-crt-convert-l1-1-0.dll
0x000007fee7440000 - 0x000007fee7443000 	C:\Program Files\Android\Android Studio2\jbr\bin\api-ms-win-crt-environment-l1-1-0.dll
0x000007fee7430000 - 0x000007fee7433000 	C:\Program Files\Android\Android Studio2\jbr\bin\api-ms-win-crt-filesystem-l1-1-0.dll
0x000007fee7420000 - 0x000007fee7425000 	C:\Program Files\Android\Android Studio2\jbr\bin\api-ms-win-crt-math-l1-1-0.dll
0x000007fee7410000 - 0x000007fee7413000 	C:\Program Files\Android\Android Studio2\jbr\bin\api-ms-win-crt-locale-l1-1-0.dll
0x000007fefd650000 - 0x000007fefd67e000 	C:\Windows\system32\IMM32.DLL
0x000007fefdce0000 - 0x000007fefdde9000 	C:\Windows\system32\MSCTF.dll
0x000007fefd020000 - 0x000007fefd05c000 	C:\Windows\system32\nvinitx.dll
0x000007fefdc00000 - 0x000007fefdcdb000 	C:\Windows\system32\ADVAPI32.dll
0x000007fefee20000 - 0x000007fefee3f000 	C:\Windows\SYSTEM32\sechost.dll
0x000007fefd980000 - 0x000007fefdaad000 	C:\Windows\system32\RPCRT4.dll
0x000007fef18d0000 - 0x000007fef18dc000 	C:\Program Files\Android\Android Studio2\jbr\bin\vcruntime140_1.dll
0x000007fee69e0000 - 0x000007fee6a6d000 	C:\Program Files\Android\Android Studio2\jbr\bin\msvcp140.dll
0x000007fee7400000 - 0x000007fee7403000 	C:\Program Files\Android\Android Studio2\jbr\bin\api-ms-win-crt-time-l1-1-0.dll
0x000007fee73f0000 - 0x000007fee73f3000 	C:\Program Files\Android\Android Studio2\jbr\bin\api-ms-win-crt-utility-l1-1-0.dll
0x000007fec5070000 - 0x000007fec5cde000 	C:\Program Files\Android\Android Studio2\jbr\bin\server\jvm.dll
0x000007fef3a50000 - 0x000007fef3a59000 	C:\Windows\system32\WSOCK32.dll
0x000007feff3b0000 - 0x000007feff3fd000 	C:\Windows\system32\WS2_32.dll
0x000007fefd430000 - 0x000007fefd438000 	C:\Windows\system32\NSI.dll
0x000007fefb000000 - 0x000007fefb03b000 	C:\Windows\system32\WINMM.dll
0x000007fefc160000 - 0x000007fefc16c000 	C:\Windows\system32\VERSION.dll
0x000007feee7d0000 - 0x000007feee7da000 	C:\Program Files\Android\Android Studio2\jbr\bin\jimage.dll
0x000007fef4eb0000 - 0x000007fef4fd5000 	C:\Windows\system32\DBGHELP.DLL
0x000007feee100000 - 0x000007feee125000 	C:\Program Files\Android\Android Studio2\jbr\bin\java.dll
0x000007feec110000 - 0x000007feec128000 	C:\Program Files\Android\Android Studio2\jbr\bin\zip.dll
0x000007fefddf0000 - 0x000007fefeb78000 	C:\Windows\system32\SHELL32.dll
0x000007fefd440000 - 0x000007fefd643000 	C:\Windows\system32\ole32.dll
0x000007fefd060000 - 0x000007fefd06f000 	C:\Windows\system32\profapi.dll
0x000007feec0f0000 - 0x000007feec109000 	C:\Program Files\Android\Android Studio2\jbr\bin\net.dll
0x000007fef8e20000 - 0x000007fef8e91000 	C:\Windows\system32\WINHTTP.dll
0x000007fef8db0000 - 0x000007fef8e14000 	C:\Windows\system32\webio.dll
0x000007fefc850000 - 0x000007fefc8a5000 	C:\Windows\system32\mswsock.dll
0x000007fefc840000 - 0x000007fefc847000 	C:\Windows\System32\wship6.dll
0x000007feec0d0000 - 0x000007feec0e6000 	C:\Program Files\Android\Android Studio2\jbr\bin\nio.dll
0x000007feee0f0000 - 0x000007feee100000 	C:\Program Files\Android\Android Studio2\jbr\bin\verify.dll
0x000007fee8400000 - 0x000007fee8427000 	C:\Users\DELL\.gradle\native\68d5fa5c4cc2d200863cafc0d521ce42e7d3e7ee720ec0a83991735586a16f82\windows-amd64\native-platform.dll
0x000007feec0b0000 - 0x000007feec0b9000 	C:\Program Files\Android\Android Studio2\jbr\bin\management.dll
0x000007feeb220000 - 0x000007feeb22b000 	C:\Program Files\Android\Android Studio2\jbr\bin\management_ext.dll
0x00000000772d0000 - 0x00000000772d7000 	C:\Windows\system32\PSAPI.DLL
0x000007fefc8b0000 - 0x000007fefc8c7000 	C:\Windows\system32\CRYPTSP.dll
0x000007fefc5b0000 - 0x000007fefc5f7000 	C:\Windows\system32\rsaenh.dll
0x000007fefc370000 - 0x000007fefc38e000 	C:\Windows\system32\USERENV.dll
0x000007fefcf50000 - 0x000007fefcf5f000 	C:\Windows\system32\CRYPTBASE.dll
0x000007fefac10000 - 0x000007fefac37000 	C:\Windows\system32\IPHLPAPI.DLL
0x000007fefac50000 - 0x000007fefac5b000 	C:\Windows\system32\WINNSI.DLL
0x000007fefaa50000 - 0x000007fefaa68000 	C:\Windows\system32\dhcpcsvc.DLL
0x000007fefaa30000 - 0x000007fefaa41000 	C:\Windows\system32\dhcpcsvc6.DLL

dbghelp: loaded successfully - version: 4.0.5 - missing functions: none
symbol engine: initialized successfully - sym options: 0x614 - pdb path: .;C:\Program Files\Android\Android Studio2\jbr\bin;C:\Windows\SYSTEM32;C:\Windows\WinSxS\amd64_microsoft.windows.common-controls_6595b64144ccf1df_6.0.7601.17514_none_fa396087175ac9ac;C:\Program Files\Android\Android Studio2\jbr\bin\server;C:\Users\DELL\.gradle\native\68d5fa5c4cc2d200863cafc0d521ce42e7d3e7ee720ec0a83991735586a16f82\windows-amd64

VM Arguments:
jvm_args: --add-opens=java.base/java.util=ALL-UNNAMED --add-opens=java.base/java.lang=ALL-UNNAMED --add-opens=java.base/java.lang.invoke=ALL-UNNAMED --add-opens=java.prefs/java.util.prefs=ALL-UNNAMED --add-opens=java.base/java.nio.charset=ALL-UNNAMED --add-opens=java.base/java.net=ALL-UNNAMED --add-opens=java.base/java.util.concurrent.atomic=ALL-UNNAMED -Xmx2048m -Dfile.encoding=UTF-8 -Duser.country=US -Duser.language=en -Duser.variant 
java_command: org.gradle.launcher.daemon.bootstrap.GradleDaemon 8.0
java_class_path (initial): C:\Users\DELL\.gradle\wrapper\dists\gradle-8.0-bin\ca5e32bp14vu59qr306oxotwh\gradle-8.0\lib\gradle-launcher-8.0.jar
Launcher Type: SUN_STANDARD

[Global flags]
     intx CICompilerCount                          = 3                                         {product} {ergonomic}
     uint ConcGCThreads                            = 1                                         {product} {ergonomic}
     uint G1ConcRefinementThreads                  = 4                                         {product} {ergonomic}
   size_t G1HeapRegionSize                         = 1048576                                   {product} {ergonomic}
    uintx GCDrainStackTargetSize                   = 64                                        {product} {ergonomic}
   size_t InitialHeapSize                          = 67108864                                  {product} {ergonomic}
   size_t MarkStackSize                            = 4194304                                   {product} {ergonomic}
   size_t MaxHeapSize                              = 2147483648                                {product} {command line}
   size_t MaxNewSize                               = 1287651328                                {product} {ergonomic}
   size_t MinHeapDeltaBytes                        = 1048576                                   {product} {ergonomic}
   size_t MinHeapSize                              = 8388608                                   {product} {ergonomic}
    uintx NonNMethodCodeHeapSize                   = 5832780                                {pd product} {ergonomic}
    uintx NonProfiledCodeHeapSize                  = 122912730                              {pd product} {ergonomic}
    uintx ProfiledCodeHeapSize                     = 122912730                              {pd product} {ergonomic}
    uintx ReservedCodeCacheSize                    = 251658240                              {pd product} {ergonomic}
     bool SegmentedCodeCache                       = true                                      {product} {ergonomic}
   size_t SoftMaxHeapSize                          = 2147483648                             {manageable} {ergonomic}
     bool UseCompressedClassPointers               = true                           {product lp64_product} {ergonomic}
     bool UseCompressedOops                        = true                           {product lp64_product} {ergonomic}
     bool UseG1GC                                  = true                                      {product} {ergonomic}
     bool UseLargePagesIndividualAllocation        = false                                  {pd product} {ergonomic}

Logging:
Log output configuration:
 #0: stdout all=warning uptime,level,tags
 #1: stderr all=off uptime,level,tags

Environment Variables:
JAVA_HOME=C:\Program Files\Java\jdk-20\bin
PATH=C:\Program Files\Common Files\Oracle\Java\javapath;C:\Program Files (x86)\Common Files\Oracle\Java\javapath;C:\MinGW\bin;C:\Program Files\Microsoft VS Code\bin;C:\Program Files\Java\jdk-20\bin;C:\Program Files\Git\cmd;C:\Windows\System32\WindowsPowerShell\v1.0\;C:\Users\DELL\AppData\Local\Programs\Python\Python36-32\Scripts\;C:\Users\DELL\AppData\Local\Programs\Python\Python36-32\;C:\Program Files\Java\jdk-20\bin;C:\src\flutter\bin
USERNAME=DELL
OS=Windows_NT
PROCESSOR_IDENTIFIER=Intel64 Family 6 Model 42 Stepping 7, GenuineIntel
TMP=C:\Users\DELL\AppData\Local\Temp
TEMP=C:\Users\DELL\AppData\Local\Temp


JNI global refs:
JNI global refs: 20, weak refs: 0

JNI global refs memory usage: 843, weak refs: 841


---------------  S Y S T E M  ---------------

OS:
 Windows 7 , 64 bit Build 7601 (6.1.7601.17514)
OS uptime: 5 days 14:28 hours

CPU: total 4 (initial active 4) (2 cores per cpu, 2 threads per core) family 6 model 42 stepping 7 microcode 0x0, cx8, cmov, fxsr, ht, mmx, sse, sse2, sse3, ssse3, sse4.1, sse4.2, popcnt, tsc, tscinvbit, avx, aes, clmul, vzeroupper, clflush

Memory: 4k page, system-wide physical 4004M (252M free)
TotalPageFile size 15925M (AvailPageFile size 251M)
current process WorkingSet (physical memory assigned to process): 372M, peak: 379M
current process commit charge ("private bytes"): 412M, peak: 672M

vm_info: OpenJDK 64-Bit Server VM (17.0.6+0-b2043.56-10027231) for windows-amd64 JRE (17.0.6+0-b2043.56-10027231), built on Apr 28 2023 00:43:19 by "androidbuild" with MS VC++ 16.10 / 16.11 (VS2019)

END.
